[09/Jan/2022 14:30:02] "GET / HTTP/1.1" 200 48001
[09/Jan/2022 14:37:37] "GET /project-46/doc-838/ HTTP/1.0" 302 0
[09/Jan/2022 14:37:39] "GET /check_viewcode/?to=/project-46/doc-838/ HTTP/1.0" 200 3066
[09/Jan/2022 14:46:04] "GET / HTTP/1.1" 200 48001
[09/Jan/2022 14:46:05] "GET /static/mrdoc/mrdoc.css?version=0.7.4 HTTP/1.1" 304 0
[09/Jan/2022 14:46:05] "GET /static/layui/css/layui.css?version=0.7.4 HTTP/1.1" 304 0
[09/Jan/2022 14:46:05] "GET /static/iconFont/iconfont.css?version=0.7.4 HTTP/1.1" 304 0
[09/Jan/2022 14:46:05] "GET /static/iconFont/iconfont.js?version=0.7.4 HTTP/1.1" 304 0
[09/Jan/2022 14:46:05] "GET /static/icon_img/create-doc-icon.svg HTTP/1.1" 304 0
[09/Jan/2022 14:46:05] "GET /static/logo.svg HTTP/1.1" 304 0
[09/Jan/2022 14:46:05] "GET /static/icon_img/create-table-icon.svg HTTP/1.1" 304 0
[09/Jan/2022 14:46:05] "GET /static/jquery/3.1.1/jquery.min.js HTTP/1.1" 304 0
[09/Jan/2022 14:46:05] "GET /static/layui/layui.js?version=0.7.4 HTTP/1.1" 304 0
[09/Jan/2022 14:46:05] "GET /static/layui/font/iconfont.woff2?v=256 HTTP/1.1" 304 0
[09/Jan/2022 14:46:05] "GET /static/icon_img/viewcode.svg HTTP/1.1" 304 0
[09/Jan/2022 14:46:06] "GET /static/layui/css/modules/layer/default/layer.css?v=3.5.1 HTTP/1.1" 304 0
[09/Jan/2022 14:46:06] "GET /static/layui/css/modules/laydate/default/laydate.css?v=5.3.1 HTTP/1.1" 304 0
[09/Jan/2022 14:46:06] "GET /static/layui/css/modules/code.css?v=2 HTTP/1.1" 304 0
[09/Jan/2022 14:46:06] "GET /static/search/mrdoc_logo_300.png HTTP/1.1" 304 0
[09/Jan/2022 14:46:09] "GET / HTTP/1.0" 200 57762
[09/Jan/2022 14:46:10] "GET /static/layui/css/layui.css?version=0.7.4 HTTP/1.0" 200 79875
[09/Jan/2022 14:46:10] "GET /static/mrdoc/mrdoc.css?version=0.7.4 HTTP/1.0" 200 21396
[09/Jan/2022 14:46:10] "GET /static/iconFont/iconfont.css?version=0.7.4 HTTP/1.0" 200 22891
[09/Jan/2022 14:46:10] "GET /static/iconFont/iconfont.js?version=0.7.4 HTTP/1.0" 200 130522
[09/Jan/2022 14:46:10] "GET /static/jquery/3.1.1/jquery.min.js HTTP/1.0" 200 86709
[09/Jan/2022 14:46:10] "GET /static/logo.svg HTTP/1.0" 200 15252
[09/Jan/2022 14:46:10] "GET /static/layui/layui.js?version=0.7.4 HTTP/1.0" 200 291286
[09/Jan/2022 14:46:10] "GET /static/icon_img/create-doc-icon.svg HTTP/1.0" 200 894
[09/Jan/2022 14:46:10] "GET /static/icon_img/create-table-icon.svg HTTP/1.0" 200 967
[09/Jan/2022 14:46:10] "GET /static/icon_img/create-pro-icon.svg HTTP/1.0" 200 1821
[09/Jan/2022 14:46:10] "GET /static/icon_img/simi.svg HTTP/1.0" 200 1798
[09/Jan/2022 14:46:10] "GET /static/icon_img/viewcode.svg HTTP/1.0" 200 1137
[09/Jan/2022 14:46:10] "GET /static/layui/font/iconfont.woff2?v=256 HTTP/1.0" 200 25964
[09/Jan/2022 14:46:11] "GET /static/layui/css/modules/laydate/default/laydate.css?v=5.3.1 HTTP/1.0" 200 7365
[09/Jan/2022 14:46:11] "GET /static/layui/css/modules/layer/default/layer.css?v=3.5.1 HTTP/1.0" 200 14271
[09/Jan/2022 14:46:11] "GET /static/layui/css/modules/code.css?v=2 HTTP/1.0" 200 1319
[09/Jan/2022 14:46:11] "GET /static/search/mrdoc_logo_300.png HTTP/1.0" 200 1255
[09/Jan/2022 14:46:12] "GET /static/search/mrdoc_logo_300.png HTTP/1.0" 200 1255
[09/Jan/2022 14:46:15] "GET / HTTP/1.0" 200 57762
[09/Jan/2022 14:46:18] "GET / HTTP/1.0" 200 57762
[09/Jan/2022 14:46:20] "GET /project-53/doc-891/ HTTP/1.0" 200 41722
[09/Jan/2022 14:46:21] "GET /static/editor.md/css/editormd.css?version=0.7.4 HTTP/1.0" 200 79072
[09/Jan/2022 14:46:21] "GET /static/vditor/dist/index.css?version=0.7.4 HTTP/1.0" 200 36079
[09/Jan/2022 14:46:21] "GET /static/viewerjs/viewer.min.css?version=0.7.4 HTTP/1.0" 200 7796
[09/Jan/2022 14:46:21] "GET /static/mrdoc/mrdoc-docs.css?version=0.7.4 HTTP/1.0" 200 3546
[09/Jan/2022 14:46:21] "GET /static/viewerjs/viewer.min.js?version=0.7.4 HTTP/1.0" 200 32388
[09/Jan/2022 14:46:21] "GET /static/qrcodejs/qrcode.min.js?version=0.7.4 HTTP/1.0" 200 19927
[09/Jan/2022 14:46:21] "GET /static/mrdoc/mrdoc-docs.js?version=0.7.4 HTTP/1.0" 200 16661
[09/Jan/2022 14:46:21] "GET /static/editor.md/lib/purify.min.js?version=0.7.4 HTTP/1.0" 200 18018
[09/Jan/2022 14:46:21] "GET /static/vditor/dist/method.min.js?version=0.7.4 HTTP/1.0" 200 51382
[09/Jan/2022 14:46:21] "GET /static/toc/doctoc.js?version=0.7.4 HTTP/1.0" 200 11498
[09/Jan/2022 14:46:21] "GET /static/dashang/dashang_wx.webp HTTP/1.0" 200 11276
[09/Jan/2022 14:46:21] "GET /static/dashang/dashang_alipay.webp HTTP/1.0" 200 20156
[09/Jan/2022 14:46:21] "GET /static/dashang/dashang_qq.webp HTTP/1.0" 200 13280
[09/Jan/2022 14:46:21] "GET /static/dashang/dashang_paypal.png HTTP/1.0" 200 6834
[09/Jan/2022 14:46:24] "GET / HTTP/1.0" 200 48001
[09/Jan/2022 14:46:24] "GET /static/search/mrdoc_logo_300.png HTTP/1.0" 200 1255
[09/Jan/2022 14:46:26] "GET /static/vditor//dist/js/lute/lute.min.js HTTP/1.0" 200 2220501
[09/Jan/2022 14:46:26] "GET /static/editor.md/fonts/fontawesome-webfont.woff2?v=4.3.0 HTTP/1.0" 200 56780
[09/Jan/2022 14:46:28] "GET /static/vditor//dist/js/highlight.js/styles/github.css HTTP/1.0" 200 4047
[09/Jan/2022 14:46:28] "GET /static/vditor//dist/js/katex/katex.min.css HTTP/1.0" 200 22094
[09/Jan/2022 14:46:28] "GET /static/vditor//dist/js/katex/katex.min.js HTTP/1.0" 200 255613
[09/Jan/2022 14:46:29] "GET /static/vditor//dist/js/icons/ant.js HTTP/1.0" 200 42983
[09/Jan/2022 14:46:29] "GET /media/202112/2021-12-18_160320_892162.png HTTP/1.0" 404 5631
[09/Jan/2022 14:46:29] "GET /media/202112/2021-12-18_161641_713625.png HTTP/1.0" 404 5631
[09/Jan/2022 14:46:29] "GET /media/202112/2021-12-18_162137_176474.png HTTP/1.0" 404 5631
[09/Jan/2022 14:46:29] "GET /media/202112/2021-12-18_170438_469892.png HTTP/1.0" 404 5631
[09/Jan/2022 14:46:29] "GET /media/202112/2021-12-19_100611_088200.png HTTP/1.0" 404 5631
[09/Jan/2022 14:46:29] "GET /media/202112/2021-12-19_105809_127613.png HTTP/1.0" 404 5631
[09/Jan/2022 14:46:29] "GET /media/202112/2021-12-19_112828_122003.png HTTP/1.0" 404 5631
[09/Jan/2022 14:46:29] "GET /media/202112/2021-12-19_161019_353256.png HTTP/1.0" 404 5631
[09/Jan/2022 14:46:29] "GET /media/202112/2021-12-19_161240_548047.png HTTP/1.0" 404 5631
[09/Jan/2022 14:46:29] "GET /media/202112/2021-12-19_161755_031964.png HTTP/1.0" 404 5631
[09/Jan/2022 14:46:29] "GET /media/202112/2021-12-19_162116_969654.png HTTP/1.0" 404 5631
[09/Jan/2022 14:46:29] "GET /media/202112/2021-12-19_1657260.04642150690593416.png HTTP/1.0" 404 5631
[09/Jan/2022 14:46:29] "GET /media/202112/2021-12-19_1715020.13017431922923417.png HTTP/1.0" 404 5631
[09/Jan/2022 14:46:29] "GET /media/202112/2021-12-19_1934110.8850201676297518.png HTTP/1.0" 404 5631
[09/Jan/2022 14:46:29] "GET /static/vditor//dist/js/katex/fonts/KaTeX_Math-Italic.woff2 HTTP/1.0" 200 20096
[09/Jan/2022 14:46:29] "GET /static/vditor//dist/js/katex/fonts/KaTeX_Main-Regular.woff2 HTTP/1.0" 200 32464
[09/Jan/2022 14:46:34] "GET /project-53/doc-891/ HTTP/1.0" 200 41722
[09/Jan/2022 14:46:41] "GET /media/202112/2021-12-18_160320_892162.png HTTP/1.0" 404 5631
[09/Jan/2022 14:46:41] "GET /media/202112/2021-12-18_161641_713625.png HTTP/1.0" 404 5631
[09/Jan/2022 14:46:41] "GET /media/202112/2021-12-18_162137_176474.png HTTP/1.0" 404 5631
[09/Jan/2022 14:46:41] "GET /media/202112/2021-12-18_170438_469892.png HTTP/1.0" 404 5631
[09/Jan/2022 14:46:41] "GET /media/202112/2021-12-19_100611_088200.png HTTP/1.0" 404 5631
[09/Jan/2022 14:46:41] "GET /media/202112/2021-12-19_105809_127613.png HTTP/1.0" 404 5631
[09/Jan/2022 14:46:41] "GET /media/202112/2021-12-19_112828_122003.png HTTP/1.0" 404 5631
[09/Jan/2022 14:46:41] "GET /media/202112/2021-12-19_161019_353256.png HTTP/1.0" 404 5631
[09/Jan/2022 14:46:41] "GET /media/202112/2021-12-19_161240_548047.png HTTP/1.0" 404 5631
[09/Jan/2022 14:46:41] "GET /media/202112/2021-12-19_161755_031964.png HTTP/1.0" 404 5631
[09/Jan/2022 14:46:41] "GET /media/202112/2021-12-19_162116_969654.png HTTP/1.0" 404 5631
[09/Jan/2022 14:46:41] "GET /media/202112/2021-12-19_1657260.04642150690593416.png HTTP/1.0" 404 5631
[09/Jan/2022 14:46:42] "GET /media/202112/2021-12-19_1934110.8850201676297518.png HTTP/1.0" 404 5631
[09/Jan/2022 14:46:42] "GET /media/202112/2021-12-19_1715020.13017431922923417.png HTTP/1.0" 404 5631
[09/Jan/2022 14:46:55] "GET /media/202107/2021-07-24_102733.png HTTP/1.0" 200 1709392
[09/Jan/2022 14:46:55] "GET /media/202107/jsjdsorg3_1627096131.jpeg HTTP/1.0" 200 163819
[09/Jan/2022 14:46:55] "GET /media/202107/comaplogo_1627096542.gif HTTP/1.0" 200 14994
[09/Jan/2022 14:46:55] "GET /media/202107/neccs_logo@2x_1627097222.png HTTP/1.0" 200 41862
[09/Jan/2022 14:48:03] "GET /robots.txt HTTP/1.0" 404 3965
[09/Jan/2022 14:48:04] "GET /download_doc_md/816/ HTTP/1.0" 200 3965
[09/Jan/2022 14:49:38] "GET / HTTP/1.0" 200 57762
[09/Jan/2022 14:50:11] "GET / HTTP/1.0" 200 57762
[09/Jan/2022 14:51:13] "GET / HTTP/1.0" 200 57762
[09/Jan/2022 14:51:18] "GET /project-53/doc-891/ HTTP/1.0" 200 41722
[09/Jan/2022 14:51:18] "GET /static/mrdoc/mrdoc-docs.js?version=0.7.4 HTTP/1.0" 200 16661
[09/Jan/2022 14:51:18] "GET /static/toc/doctoc.js?version=0.7.4 HTTP/1.0" 200 11498
[09/Jan/2022 14:51:19] "GET /media/202112/2021-12-18_160320_892162.png HTTP/1.0" 404 5631
[09/Jan/2022 14:51:19] "GET /media/202112/2021-12-18_161641_713625.png HTTP/1.0" 404 5631
[09/Jan/2022 14:51:19] "GET /media/202112/2021-12-18_170438_469892.png HTTP/1.0" 404 5631
[09/Jan/2022 14:51:19] "GET /media/202112/2021-12-18_162137_176474.png HTTP/1.0" 404 5631
[09/Jan/2022 14:51:19] "GET /media/202112/2021-12-19_100611_088200.png HTTP/1.0" 404 5631
[09/Jan/2022 14:51:19] "GET /media/202112/2021-12-19_112828_122003.png HTTP/1.0" 404 5631
[09/Jan/2022 14:51:19] "GET /media/202112/2021-12-19_105809_127613.png HTTP/1.0" 404 5631
[09/Jan/2022 14:51:19] "GET /media/202112/2021-12-19_161019_353256.png HTTP/1.0" 404 5631
[09/Jan/2022 14:51:19] "GET /media/202112/2021-12-19_161240_548047.png HTTP/1.0" 404 5631
[09/Jan/2022 14:51:19] "GET /media/202112/2021-12-19_161755_031964.png HTTP/1.0" 404 5631
[09/Jan/2022 14:51:19] "GET /media/202112/2021-12-19_162116_969654.png HTTP/1.0" 404 5631
[09/Jan/2022 14:51:19] "GET /media/202112/2021-12-19_1657260.04642150690593416.png HTTP/1.0" 404 5631
[09/Jan/2022 14:51:19] "GET /media/202112/2021-12-19_1715020.13017431922923417.png HTTP/1.0" 404 5631
[09/Jan/2022 14:51:19] "GET /media/202112/2021-12-19_1934110.8850201676297518.png HTTP/1.0" 404 5631
[09/Jan/2022 14:51:29] "GET / HTTP/1.0" 200 57762
[09/Jan/2022 14:51:31] "GET /project-53/doc-891/ HTTP/1.0" 200 41722
[09/Jan/2022 14:51:32] "GET /media/202112/2021-12-18_160320_892162.png HTTP/1.0" 404 5631
[09/Jan/2022 14:51:33] "GET /media/202112/2021-12-18_161641_713625.png HTTP/1.0" 404 5631
[09/Jan/2022 14:51:33] "GET /media/202112/2021-12-18_162137_176474.png HTTP/1.0" 404 5631
[09/Jan/2022 14:51:33] "GET /media/202112/2021-12-18_170438_469892.png HTTP/1.0" 404 5631
[09/Jan/2022 14:51:33] "GET /media/202112/2021-12-19_100611_088200.png HTTP/1.0" 404 5631
[09/Jan/2022 14:51:33] "GET /media/202112/2021-12-19_105809_127613.png HTTP/1.0" 404 5631
[09/Jan/2022 14:51:33] "GET /media/202112/2021-12-19_112828_122003.png HTTP/1.0" 404 5631
[09/Jan/2022 14:51:33] "GET /media/202112/2021-12-19_161019_353256.png HTTP/1.0" 404 5631
[09/Jan/2022 14:51:33] "GET /media/202112/2021-12-19_161240_548047.png HTTP/1.0" 404 5631
[09/Jan/2022 14:51:33] "GET /media/202112/2021-12-19_161755_031964.png HTTP/1.0" 404 5631
[09/Jan/2022 14:51:33] "GET /media/202112/2021-12-19_162116_969654.png HTTP/1.0" 404 5631
[09/Jan/2022 14:51:33] "GET /media/202112/2021-12-19_1657260.04642150690593416.png HTTP/1.0" 404 5631
[09/Jan/2022 14:51:33] "GET /media/202112/2021-12-19_1715020.13017431922923417.png HTTP/1.0" 404 5631
[09/Jan/2022 14:51:33] "GET /media/202112/2021-12-19_1934110.8850201676297518.png HTTP/1.0" 404 5631
[09/Jan/2022 14:53:20] "GET / HTTP/1.0" 200 57762
[09/Jan/2022 14:53:24] "GET /?page=2&kw=&sort=&role=-1 HTTP/1.0" 200 46349
[09/Jan/2022 14:53:28] "GET /project-21/doc-900/ HTTP/1.0" 200 69658
[09/Jan/2022 14:53:29] "GET /media/202201/2022-01-03_2054110.6387905739214823.png HTTP/1.0" 404 5631
[09/Jan/2022 14:55:27] "GET / HTTP/1.1" 200 48001
----------------------------------------
Exception happened during processing of request from ('167.94.138.114', 36818)
Traceback (most recent call last):
  File "/www/server/python_manager/versions/3.6.8/lib/python3.6/socketserver.py", line 654, in process_request_thread
    self.finish_request(request, client_address)
  File "/www/server/python_manager/versions/3.6.8/lib/python3.6/socketserver.py", line 364, in finish_request
    self.RequestHandlerClass(request, client_address, self)
  File "/www/server/python_manager/versions/3.6.8/lib/python3.6/socketserver.py", line 724, in __init__
    self.handle()
  File "/www/server/python_manager/versions/3.6.8/lib/python3.6/site-packages/django/core/servers/basehttp.py", line 169, in handle
    self.handle_one_request()
  File "/www/server/python_manager/versions/3.6.8/lib/python3.6/site-packages/django/core/servers/basehttp.py", line 179, in handle_one_request
    self.raw_requestline = self.rfile.readline(65537)
  File "/www/server/python_manager/versions/3.6.8/lib/python3.6/socket.py", line 586, in readinto
    return self._sock.recv_into(b)
ConnectionResetError: [Errno 104] Connection reset by peer
----------------------------------------
[09/Jan/2022 14:55:29] code 400, message Bad request syntax ("\x16\x03\x01\x00î\x01\x00\x00ê\x03\x03t-ìÝ@\\_«cöÅo¯Ö[''÷V`\x904\xad7É9\x8e\x06Ö!ñ[ æûª\x00\x1c1pt\x9f\t\x0b\x81Ê.í÷¦\x90+\x1e\x9fö\x98yµdLvKÈ\x06µ\x00&Ì¨Ì©À/À0À+À,À\x13À\tÀ\x14À")
[09/Jan/2022 14:55:29] You're accessing the development server over HTTPS, but it only supports HTTP.

[09/Jan/2022 14:55:31] "GET / HTTP/1.1" 200 48001
----------------------------------------
Exception happened during processing of request from ('167.94.138.114', 39236)
Traceback (most recent call last):
  File "/www/server/python_manager/versions/3.6.8/lib/python3.6/socketserver.py", line 654, in process_request_thread
    self.finish_request(request, client_address)
  File "/www/server/python_manager/versions/3.6.8/lib/python3.6/socketserver.py", line 364, in finish_request
    self.RequestHandlerClass(request, client_address, self)
  File "/www/server/python_manager/versions/3.6.8/lib/python3.6/socketserver.py", line 724, in __init__
    self.handle()
  File "/www/server/python_manager/versions/3.6.8/lib/python3.6/site-packages/django/core/servers/basehttp.py", line 171, in handle
    self.handle_one_request()
  File "/www/server/python_manager/versions/3.6.8/lib/python3.6/site-packages/django/core/servers/basehttp.py", line 179, in handle_one_request
    self.raw_requestline = self.rfile.readline(65537)
  File "/www/server/python_manager/versions/3.6.8/lib/python3.6/socket.py", line 586, in readinto
    return self._sock.recv_into(b)
ConnectionResetError: [Errno 104] Connection reset by peer
----------------------------------------
[09/Jan/2022 14:55:31] "GET / HTTP/1.1" 200 48001
[09/Jan/2022 14:55:54] "GET /download_doc_md/246/ HTTP/1.0" 200 3986
[09/Jan/2022 15:00:20] "GET / HTTP/1.1" 200 48001
[09/Jan/2022 15:06:26] "GET /project-37/doc-756/ HTTP/1.0" 200 50099
[09/Jan/2022 15:14:25] "GET /project-37/doc-809/ HTTP/1.0" 200 55441
[09/Jan/2022 15:14:28] "GET /static/vditor/dist/index.css?version=0.7.4 HTTP/1.0" 200 36079
[09/Jan/2022 15:16:59] "GET /project-21/doc-872/ HTTP/1.0" 200 83656
[09/Jan/2022 15:17:23] "GET /media/202106/236-%E4%BA%8C%E5%8F%89%E6%A0%91%E7%9A%84%E6%9C%80%E8%BF%91%E5%85%AC%E5%85%B1%E7%A5%96%E5%85%88%EF%BC%88%E8%A7%A3%E6%B3%95%E4%B8%80%EF%BC%9A%E5%89%8D%E5%BA%8F%E9%81%8D%E5%8E%86%EF%BC%89_1624369019.gif HTTP/1.0" 200 3047030
[09/Jan/2022 15:18:53] "GET /project-26/doc-342/ HTTP/1.0" 200 47336
[09/Jan/2022 15:18:54] "GET /static/editor.md/css/editormd.css?version=0.7.4 HTTP/1.0" 200 79072
[09/Jan/2022 15:18:54] "GET /static/layui/css/layui.css?version=0.7.4 HTTP/1.0" 200 79875
[09/Jan/2022 15:18:54] "GET /static/vditor/dist/index.css?version=0.7.4 HTTP/1.0" 200 36079
[09/Jan/2022 15:18:54] "GET /static/viewerjs/viewer.min.css?version=0.7.4 HTTP/1.0" 200 7796
[09/Jan/2022 15:18:54] "GET /static/mrdoc/mrdoc.css?version=0.7.4 HTTP/1.0" 200 21396
[09/Jan/2022 15:18:54] "GET /static/mrdoc/mrdoc-docs.css?version=0.7.4 HTTP/1.0" 200 3546
[09/Jan/2022 15:18:54] "GET /static/iconFont/iconfont.css?version=0.7.4 HTTP/1.0" 200 22891
[09/Jan/2022 15:18:54] "GET /static/jquery/3.1.1/jquery.min.js HTTP/1.0" 200 86709
[09/Jan/2022 15:18:54] "GET /static/layui/layui.js?version=0.7.4 HTTP/1.0" 200 291286
[09/Jan/2022 15:18:54] "GET /static/viewerjs/viewer.min.js?version=0.7.4 HTTP/1.0" 200 32388
[09/Jan/2022 15:18:54] "GET /static/qrcodejs/qrcode.min.js?version=0.7.4 HTTP/1.0" 200 19927
[09/Jan/2022 15:18:55] "GET /static/dashang/dashang_wx.webp HTTP/1.0" 200 11276
[09/Jan/2022 15:18:55] "GET /static/dashang/dashang_alipay.webp HTTP/1.0" 200 20156
[09/Jan/2022 15:18:55] "GET /static/dashang/dashang_qq.webp HTTP/1.0" 200 13280
[09/Jan/2022 15:18:55] "GET /static/dashang/dashang_paypal.png HTTP/1.0" 200 6834
[09/Jan/2022 15:18:55] "GET /static/mrdoc/mrdoc-docs.js?version=0.7.4 HTTP/1.0" 200 16661
[09/Jan/2022 15:18:55] "GET /static/editor.md/lib/purify.min.js?version=0.7.4 HTTP/1.0" 200 18018
[09/Jan/2022 15:18:55] "GET /static/iconFont/iconfont.js?version=0.7.4 HTTP/1.0" 200 130522
[09/Jan/2022 15:18:55] "GET /static/vditor/dist/method.min.js?version=0.7.4 HTTP/1.0" 200 51382
[09/Jan/2022 15:18:55] "GET /static/toc/doctoc.js?version=0.7.4 HTTP/1.0" 200 11498
[09/Jan/2022 15:18:55] "GET /static/editor.md/fonts/fontawesome-webfont.woff2?v=4.3.0 HTTP/1.0" 200 56780
[09/Jan/2022 15:18:55] "GET /static/layui/font/iconfont.woff2?v=256 HTTP/1.0" 200 25964
[09/Jan/2022 15:18:55] "GET /static/layui/css/modules/laydate/default/laydate.css?v=5.3.1 HTTP/1.0" 200 7365
[09/Jan/2022 15:18:55] "GET /static/layui/css/modules/layer/default/layer.css?v=3.5.1 HTTP/1.0" 200 14271
[09/Jan/2022 15:18:55] "GET /static/layui/css/modules/code.css?v=2 HTTP/1.0" 200 1319
[09/Jan/2022 15:18:55] "GET /static/vditor//dist/js/lute/lute.min.js HTTP/1.0" 200 2220501
[09/Jan/2022 15:18:57] "GET /static/vditor//dist/js/highlight.js/styles/github.css HTTP/1.0" 200 4047
[09/Jan/2022 15:18:57] "GET /static/vditor//dist/js/katex/katex.min.css HTTP/1.0" 200 22094
[09/Jan/2022 15:18:57] "GET /static/vditor//dist/js/katex/katex.min.js HTTP/1.0" 200 255613
[09/Jan/2022 15:18:57] "GET /media/202105/2021-05-22_171643.png HTTP/1.0" 200 38267
[09/Jan/2022 15:18:57] "GET /media/202105/2021-05-22_172143.png HTTP/1.0" 200 27390
[09/Jan/2022 15:18:57] "GET /static/vditor//dist/js/icons/ant.js HTTP/1.0" 200 42983
[09/Jan/2022 15:18:57] "GET /media/202107/2021-07-28_1039530.17124614514673764.png HTTP/1.0" 200 47066
[09/Jan/2022 15:18:57] "GET /media/202107/2021-07-28_1112420.6409522974374684.png HTTP/1.0" 200 67897
[09/Jan/2022 15:18:57] "GET /media/202105/2021-05-23_162651.png HTTP/1.0" 200 9442
[09/Jan/2022 15:18:57] "GET /media/202105/2021-05-23_171217.png HTTP/1.0" 200 91806
[09/Jan/2022 15:18:57] "GET /static/vditor//dist/js/katex/fonts/KaTeX_Math-Italic.woff2 HTTP/1.0" 200 20096
[09/Jan/2022 15:18:58] "GET /static/vditor//dist/js/katex/fonts/KaTeX_Main-Regular.woff2 HTTP/1.0" 200 32464
[09/Jan/2022 15:18:59] "GET /static/search/mrdoc_logo_300.png HTTP/1.0" 200 1255
[09/Jan/2022 15:19:46] "GET / HTTP/1.0" 200 48001
[09/Jan/2022 15:19:47] "GET /static/iconFont/iconfont.css?version=0.7.4 HTTP/1.0" 200 22891
[09/Jan/2022 15:21:13] "GET /project-24/doc-244/ HTTP/1.0" 200 35996
[09/Jan/2022 15:21:56] "GET /project-21/doc-784/ HTTP/1.0" 200 57251
[09/Jan/2022 15:21:57] "GET /static/mrdoc/mrdoc-docs.js?version=0.7.4 HTTP/1.0" 200 16661
[09/Jan/2022 15:21:57] "GET /static/toc/doctoc.js?version=0.7.4 HTTP/1.0" 200 11498
[09/Jan/2022 15:22:01] "GET /project-21/doc-255/ HTTP/1.0" 200 62813
[09/Jan/2022 15:22:02] "GET /media/202104/2021-04-02_193340.png HTTP/1.0" 200 18290
[09/Jan/2022 15:22:02] "GET /media/202104/2021-04-02_193407.png HTTP/1.0" 200 20821
[09/Jan/2022 15:22:02] "GET /media/202104/2021-04-02_193421.png HTTP/1.0" 200 17742
[09/Jan/2022 15:22:02] "GET /media/202104/2021-04-02_193440.png HTTP/1.0" 200 27213
[09/Jan/2022 15:22:02] "GET /media/202104/2021-04-02_201811.png HTTP/1.0" 200 19103
[09/Jan/2022 15:22:02] "GET /static/vditor//dist/js/katex/fonts/KaTeX_Size2-Regular.woff2 HTTP/1.0" 200 5392
[09/Jan/2022 15:22:07] "GET /project-21/doc-277/ HTTP/1.0" 200 61102
[09/Jan/2022 15:22:08] "GET /media/202104/2021-04-09_201534.png HTTP/1.0" 200 9860
[09/Jan/2022 15:22:08] "GET /media/202104/2021-04-09_201625.png HTTP/1.0" 200 9935
[09/Jan/2022 15:22:08] "GET /media/202104/2021-04-09_201618.png HTTP/1.0" 200 7104
[09/Jan/2022 15:22:12] "GET /project-21/doc-295/ HTTP/1.0" 200 62802
[09/Jan/2022 15:22:13] "GET /media/202104/2021-04-28_210531.png HTTP/1.0" 200 4324
[09/Jan/2022 15:22:17] "GET /project-21/doc-780/ HTTP/1.0" 200 57320
[09/Jan/2022 15:22:27] "GET /project-21/doc-724/ HTTP/1.0" 200 84070
[09/Jan/2022 15:22:28] "GET /media/202111/2021-11-13_2156250.32776863153577696.png HTTP/1.0" 404 5631
[09/Jan/2022 15:27:31] "GET /download_doc_md/261/ HTTP/1.0" 200 3986
[09/Jan/2022 15:38:08] "GET /download_doc_md/883/ HTTP/1.0" 200 3986
[09/Jan/2022 15:40:48] "GET /project-21/doc-783/ HTTP/1.0" 200 56320
[09/Jan/2022 15:48:48] "GET /project-34/doc-525/ HTTP/1.0" 200 40280
[09/Jan/2022 15:59:22] "GET /download_doc_md/752/ HTTP/1.0" 200 3986
[09/Jan/2022 16:02:44] "GET /robots.txt HTTP/1.0" 404 3965
[09/Jan/2022 16:02:48] "GET /project-21/doc-270/ HTTP/1.0" 200 69287
[09/Jan/2022 16:09:55] "GET /download_doc_md/227/ HTTP/1.0" 200 3986
[09/Jan/2022 16:16:22] "GET /modify_doc/724/ HTTP/1.0" 200 105050
[09/Jan/2022 16:16:22] "GET /static/mrdoc/mrdoc-editor.css?version=0.7.4 HTTP/1.0" 200 3092
[09/Jan/2022 16:16:22] "GET /static/mrdoc/mrdoc.editor.js?version=0.7.4 HTTP/1.0" 200 21716
[09/Jan/2022 16:16:23] "POST /get_pro_doc_tree/ HTTP/1.0" 200 16821
[09/Jan/2022 16:16:25] "GET /media/202111/2021-11-13_2156250.32776863153577696.png HTTP/1.0" 404 5631
[09/Jan/2022 16:16:28] "GET /media/202111/2021-11-13_2156250.32776863153577696.png HTTP/1.0" 404 5631
[09/Jan/2022 16:16:59] "GET /media/202111/2021-11-13_2156250.32776863153577696.png HTTP/1.0" 404 5631
[09/Jan/2022 16:20:32] "GET /download_doc_md/336/ HTTP/1.0" 200 3986
[09/Jan/2022 16:30:20] "POST /modify_doc/724/ HTTP/1.0" 200 52
[09/Jan/2022 16:30:22] "POST /modify_doc/724/ HTTP/1.0" 200 52
[09/Jan/2022 16:30:51] "GET /project-34/doc-529/ HTTP/1.0" 200 72432
[09/Jan/2022 16:31:09] "GET /project-21/doc-255/ HTTP/1.0" 200 61917
Performing system checks...

System check identified no issues (0 silenced).
January 09, 2022 - 20:06:27
Django version 2.2.26, using settings 'MrDoc.settings'
Starting development server at http://0.0.0.0:9200/
Quit the server with CONTROL-C.
[09/Jan/2022 20:07:49] "GET /download_doc_md/285/ HTTP/1.0" 200 3986
[09/Jan/2022 20:10:11] "GET /robots.txt HTTP/1.0" 404 3965
[09/Jan/2022 20:10:12] "GET /download_doc_md/841/ HTTP/1.0" 200 3965
[09/Jan/2022 20:10:49] "GET /manage_image/?page=2&group=0 HTTP/1.0" 200 30454
[09/Jan/2022 20:10:50] "GET /static/iconFont/iconfont.css?version=0.7.4 HTTP/1.0" 200 22891
[09/Jan/2022 20:10:50] "GET /media/202112/2021-12-19_1715020.9710785076914877.png HTTP/1.0" 404 5631
[09/Jan/2022 20:10:50] "GET /media/202112/2021-12-19_1715020.13017431922923417.png HTTP/1.0" 404 5631
[09/Jan/2022 20:10:50] "GET /media/202112/2021-12-19_1706390.06796498476713453.png HTTP/1.0" 404 5631
[09/Jan/2022 20:10:50] "GET /media/202112/2021-12-19_1657260.04642150690593416.png HTTP/1.0" 404 5631
[09/Jan/2022 20:10:50] "GET /media/202112/2021-12-19_162116_969654.png HTTP/1.0" 404 5631
[09/Jan/2022 20:10:50] "GET /media/202112/2021-12-19_161755_031964.png HTTP/1.0" 404 5631
[09/Jan/2022 20:10:50] "GET /media/202112/2021-12-19_161019_353256.png HTTP/1.0" 404 5631
[09/Jan/2022 20:10:50] "GET /media/202112/2021-12-19_161240_548047.png HTTP/1.0" 404 5631
[09/Jan/2022 20:10:50] "GET /media/202112/2021-12-19_112828_122003.png HTTP/1.0" 404 5631
[09/Jan/2022 20:10:50] "GET /media/202112/2021-12-19_112346_144620.png HTTP/1.0" 404 5631
[09/Jan/2022 20:10:50] "GET /media/202112/2021-12-19_111110_960453.png HTTP/1.0" 404 5631
[09/Jan/2022 20:10:50] "GET /media/202112/2021-12-19_105809_127613.png HTTP/1.0" 404 5631
[09/Jan/2022 20:10:51] "GET /media/202111/23-%E5%90%88%E5%B9%B6K%E4%B8%AA%E5%8D%87%E5%BA%8F%E9%93%BE%E8%A1%A8_1638085857.gif HTTP/1.0" 404 5631
[09/Jan/2022 20:10:51] "GET /media/202112/2021-12-18_160320_892162.png HTTP/1.0" 404 5631
[09/Jan/2022 20:10:51] "GET /media/202112/2021-12-18_161641_713625.png HTTP/1.0" 404 5631
[09/Jan/2022 20:10:51] "GET /media/202112/2021-12-18_162137_176474.png HTTP/1.0" 404 5631
[09/Jan/2022 20:10:51] "GET /media/202112/2021-12-18_170438_469892.png HTTP/1.0" 404 5631
[09/Jan/2022 20:10:51] "GET /media/202112/2021-12-19_100611_088200.png HTTP/1.0" 404 5631
[09/Jan/2022 20:10:54] "GET /manage_image/?page=3&group=0 HTTP/1.0" 200 30218
[09/Jan/2022 20:10:54] "GET /media/202111/2021-11-28_111120_965630.png HTTP/1.0" 404 5631
[09/Jan/2022 20:10:54] "GET /media/202111/2021-11-28_110640_657066.png HTTP/1.0" 404 5631
[09/Jan/2022 20:10:54] "GET /media/202111/2021-11-28_103329_842719.png HTTP/1.0" 404 5631
[09/Jan/2022 20:10:54] "GET /media/202111/2021-11-28_102724_799099.png HTTP/1.0" 404 5631
[09/Jan/2022 20:10:54] "GET /media/202111/2021-11-28_095623_240528.png HTTP/1.0" 404 5631
[09/Jan/2022 20:10:54] "GET /media/202111/2021-11-28_095354_224729.png HTTP/1.0" 404 5631
[09/Jan/2022 20:10:54] "GET /media/202111/2021-11-28_094933_121734.png HTTP/1.0" 404 5631
[09/Jan/2022 20:10:54] "GET /media/202111/2021-11-28_095134_309740.png HTTP/1.0" 404 5631
[09/Jan/2022 20:10:54] "GET /media/202111/2021-11-28_094836_317596.png HTTP/1.0" 404 5631
[09/Jan/2022 20:10:54] "GET /media/202111/2021-11-28_094312_948755.png HTTP/1.0" 404 5631
[09/Jan/2022 20:10:54] "GET /media/202111/2021-11-28_094150_265177.png HTTP/1.0" 404 5631
[09/Jan/2022 20:10:54] "GET /media/202111/2021-11-27_223618_823817.png HTTP/1.0" 404 5631
[09/Jan/2022 20:10:54] "GET /media/202111/2021-11-27_223237_604074.png HTTP/1.0" 404 5631
[09/Jan/2022 20:10:54] "GET /media/202111/2021-11-27_223027_491269.png HTTP/1.0" 404 5631
[09/Jan/2022 20:10:55] "GET /media/202111/2021-11-27_203041_280933.png HTTP/1.0" 404 5631
[09/Jan/2022 20:10:55] "GET /media/202111/2021-11-27_221231_171901.png HTTP/1.0" 404 5631
[09/Jan/2022 20:10:55] "GET /media/202111/2021-11-27_221543_373621.png HTTP/1.0" 404 5631
[09/Jan/2022 20:10:55] "GET /media/202111/2021-11-27_222656_435446.png HTTP/1.0" 404 5631
[09/Jan/2022 20:10:56] "GET /manage_image/?page=4&group=0 HTTP/1.0" 200 30358
[09/Jan/2022 20:10:57] "GET /media/202111/2021-11-27_202957_043074.png HTTP/1.0" 404 5631
[09/Jan/2022 20:10:57] "GET /media/202111/2021-11-27_164606_234345.png HTTP/1.0" 404 5631
[09/Jan/2022 20:10:57] "GET /media/202111/2021-11-27_161016_536566.png HTTP/1.0" 404 5631
[09/Jan/2022 20:10:57] "GET /media/202111/2021-11-27_155328_630858.png HTTP/1.0" 404 5631
[09/Jan/2022 20:10:57] "GET /media/202111/2021-11-27_160817_175490.png HTTP/1.0" 404 5631
[09/Jan/2022 20:10:57] "GET /media/202111/2021-11-27_155158_098423.png HTTP/1.0" 404 5631
[09/Jan/2022 20:10:57] "GET /media/202111/2021-11-27_155054_445839.png HTTP/1.0" 404 5631
[09/Jan/2022 20:10:57] "GET /media/202111/2021-11-27_145211_821474.png HTTP/1.0" 404 5631
[09/Jan/2022 20:10:57] "GET /media/202111/2021-11-27_112703_818816.png HTTP/1.0" 404 5631
[09/Jan/2022 20:10:57] "GET /media/202111/2021-11-27_112452_412864.png HTTP/1.0" 404 5631
[09/Jan/2022 20:10:57] "GET /media/202111/2021-11-27_112107_404362.png HTTP/1.0" 404 5631
[09/Jan/2022 20:10:57] "GET /media/202111/2021-11-27_111413_543487.png HTTP/1.0" 404 5631
[09/Jan/2022 20:10:57] "GET /media/202111/2021-11-27_111154_830220.png HTTP/1.0" 404 5631
[09/Jan/2022 20:10:58] "GET /media/202111/2021-11-21_171205_682996.png HTTP/1.0" 404 5631
[09/Jan/2022 20:10:58] "GET /media/202111/2021-11-21_2239130.21635777432207792.png HTTP/1.0" 404 5631
[09/Jan/2022 20:10:58] "GET /media/202111/2021-11-21_2239570.38904421963548796.png HTTP/1.0" 404 5631
[09/Jan/2022 20:10:58] "GET /media/202111/2021-11-21_2246440.5904891752502391.png HTTP/1.0" 404 5631
[09/Jan/2022 20:10:58] "GET /media/202111/2021-11-27_110540_233546.png HTTP/1.0" 404 5631
[09/Jan/2022 20:10:59] "GET /manage_image/?page=5&group=0 HTTP/1.0" 200 30218
[09/Jan/2022 20:11:00] "GET /media/202111/2021-11-21_170733_849788.png HTTP/1.0" 404 5631
[09/Jan/2022 20:11:00] "GET /media/202111/2021-11-21_170636_355671.png HTTP/1.0" 404 5631
[09/Jan/2022 20:11:00] "GET /media/202111/2021-11-21_170106_918674.png HTTP/1.0" 404 5631
[09/Jan/2022 20:11:00] "GET /media/202111/2021-11-21_165503_187144.png HTTP/1.0" 404 5631
[09/Jan/2022 20:11:00] "GET /media/202111/2021-11-21_165235_906558.png HTTP/1.0" 404 5631
[09/Jan/2022 20:11:00] "GET /media/202111/2021-11-21_165210_546076.png HTTP/1.0" 404 5631
[09/Jan/2022 20:11:00] "GET /media/202111/2021-11-21_160744_603525.png HTTP/1.0" 404 5631
[09/Jan/2022 20:11:00] "GET /media/202111/2021-11-21_160559_325952.png HTTP/1.0" 404 5631
[09/Jan/2022 20:11:00] "GET /media/202111/2021-11-21_160412_748507.png HTTP/1.0" 404 5631
[09/Jan/2022 20:11:00] "GET /media/202111/2021-11-21_155416_457092.png HTTP/1.0" 404 5631
[09/Jan/2022 20:11:00] "GET /media/202111/2021-11-21_155207_777294.png HTTP/1.0" 404 5631
[09/Jan/2022 20:11:00] "GET /media/202111/2021-11-21_121953_691437.png HTTP/1.0" 404 5631
[09/Jan/2022 20:11:00] "GET /media/202111/2021-11-21_121849_883745.png HTTP/1.0" 404 5631
[09/Jan/2022 20:11:01] "GET /media/202111/2021-11-21_103555_468133.png HTTP/1.0" 404 5631
[09/Jan/2022 20:11:01] "GET /media/202111/2021-11-21_104643_711649.png HTTP/1.0" 404 5631
[09/Jan/2022 20:11:01] "GET /media/202111/2021-11-21_104928_715190.png HTTP/1.0" 404 5631
[09/Jan/2022 20:11:01] "GET /media/202111/2021-11-21_105048_249269.png HTTP/1.0" 404 5631
[09/Jan/2022 20:11:01] "GET /media/202111/2021-11-21_105129_127181.png HTTP/1.0" 404 5631
[09/Jan/2022 20:11:02] "GET /manage_image/?page=6&group=0 HTTP/1.0" 200 30218
[09/Jan/2022 20:11:02] "GET /media/202111/2021-11-20_173425_700201.png HTTP/1.0" 404 5631
[09/Jan/2022 20:11:02] "GET /media/202111/2021-11-20_155316_501643.png HTTP/1.0" 404 5631
[09/Jan/2022 20:11:02] "GET /media/202111/2021-11-20_154940_112605.png HTTP/1.0" 404 5631
[09/Jan/2022 20:11:02] "GET /media/202111/2021-11-20_151207_425490.png HTTP/1.0" 404 5631
[09/Jan/2022 20:11:03] "GET /media/202111/2021-11-20_151059_219160.png HTTP/1.0" 404 5631
[09/Jan/2022 20:11:03] "GET /media/202111/2021-11-20_150921_876651.png HTTP/1.0" 404 5631
[09/Jan/2022 20:11:03] "GET /media/202111/2021-11-20_150345_558279.png HTTP/1.0" 404 5631
[09/Jan/2022 20:11:03] "GET /media/202111/2021-11-20_150151_307622.png HTTP/1.0" 404 5631
[09/Jan/2022 20:11:03] "GET /media/202111/2021-11-20_145535_025365.png HTTP/1.0" 404 5631
[09/Jan/2022 20:11:03] "GET /media/202111/2021-11-20_145732_506831.png HTTP/1.0" 404 5631
[09/Jan/2022 20:11:03] "GET /media/202111/2021-11-20_145418_902803.png HTTP/1.0" 404 5631
[09/Jan/2022 20:11:03] "GET /media/202111/2021-11-20_145244_555813.png HTTP/1.0" 404 5631
[09/Jan/2022 20:11:03] "GET /media/202111/2021-11-14_221925_952904.png HTTP/1.0" 404 5631
[09/Jan/2022 20:11:03] "GET /media/202111/2021-11-14_221730_565884.png HTTP/1.0" 404 5631
[09/Jan/2022 20:11:03] "GET /media/202111/2021-11-14_165643_013311.png HTTP/1.0" 404 5631
[09/Jan/2022 20:11:03] "GET /media/202111/2021-11-14_165447_497715.png HTTP/1.0" 404 5631
[09/Jan/2022 20:11:03] "GET /media/202111/2021-11-14_161048_420878.png HTTP/1.0" 404 5631
[09/Jan/2022 20:11:03] "GET /media/202111/2021-11-14_152111_684883.png HTTP/1.0" 404 5631
[09/Jan/2022 20:11:05] "GET /manage_image/?page=7&group=0 HTTP/1.0" 200 30266
[09/Jan/2022 20:11:05] "GET /media/202111/2021-11-14_151232_418181.png HTTP/1.0" 404 5631
[09/Jan/2022 20:11:05] "GET /media/202111/2021-11-14_143502_711595.png HTTP/1.0" 404 5631
[09/Jan/2022 20:11:05] "GET /media/202111/2021-11-14_114607_991501.png HTTP/1.0" 404 5631
[09/Jan/2022 20:11:05] "GET /media/202111/2021-11-14_114019_752906.png HTTP/1.0" 404 5631
[09/Jan/2022 20:11:05] "GET /media/202111/2021-11-14_111112_849019.png HTTP/1.0" 404 5631
[09/Jan/2022 20:11:05] "GET /media/202111/2021-11-14_110511_555902.png HTTP/1.0" 404 5631
[09/Jan/2022 20:11:05] "GET /media/202111/2021-11-14_104024_620805.png HTTP/1.0" 404 5631
[09/Jan/2022 20:11:05] "GET /media/202111/2021-11-14_103516_670604.png HTTP/1.0" 404 5631
[09/Jan/2022 20:11:05] "GET /media/202111/2021-11-13_162932_502587.png HTTP/1.0" 404 5631
[09/Jan/2022 20:11:05] "GET /media/202111/2021-11-13_2156250.32776863153577696.png HTTP/1.0" 404 5631
[09/Jan/2022 20:11:05] "GET /media/202111/2021-11-13_160544_683093.png HTTP/1.0" 404 5631
[09/Jan/2022 20:11:05] "GET /media/202111/2021-11-13_160419_866034.png HTTP/1.0" 404 5631
[09/Jan/2022 20:11:05] "GET /media/202111/2021-11-13_155120_650127.png HTTP/1.0" 404 5631
[09/Jan/2022 20:11:05] "GET /media/202111/2021-11-13_154349_001992.png HTTP/1.0" 404 5631
[09/Jan/2022 20:11:05] "GET /media/202111/2021-11-13_154156_171185.png HTTP/1.0" 404 5631
[09/Jan/2022 20:11:05] "GET /media/202111/2021-11-13_154124_117867.png HTTP/1.0" 404 5631
[09/Jan/2022 20:11:05] "GET /media/202111/2021-11-13_153608_636858.png HTTP/1.0" 404 5631
[09/Jan/2022 20:11:06] "GET /media/202111/2021-11-13_112416_578407.png HTTP/1.0" 404 5631
[09/Jan/2022 20:11:09] "GET / HTTP/1.1" 200 47986
----------------------------------------
Exception happened during processing of request from ('64.62.197.32', 47848)
Traceback (most recent call last):
  File "/www/server/python_manager/versions/3.6.8/lib/python3.6/socketserver.py", line 654, in process_request_thread
    self.finish_request(request, client_address)
  File "/www/server/python_manager/versions/3.6.8/lib/python3.6/socketserver.py", line 364, in finish_request
    self.RequestHandlerClass(request, client_address, self)
  File "/www/server/python_manager/versions/3.6.8/lib/python3.6/socketserver.py", line 724, in __init__
    self.handle()
  File "/www/server/python_manager/versions/3.6.8/lib/python3.6/site-packages/django/core/servers/basehttp.py", line 171, in handle
    self.handle_one_request()
  File "/www/server/python_manager/versions/3.6.8/lib/python3.6/site-packages/django/core/servers/basehttp.py", line 179, in handle_one_request
    self.raw_requestline = self.rfile.readline(65537)
  File "/www/server/python_manager/versions/3.6.8/lib/python3.6/socket.py", line 586, in readinto
    return self._sock.recv_into(b)
ConnectionResetError: [Errno 104] Connection reset by peer
----------------------------------------
[09/Jan/2022 20:17:25] "GET /project-21/doc-783/ HTTP/1.0" 200 56320
[09/Jan/2022 20:18:09] "GET /user_center/ HTTP/1.0" 200 6164
[09/Jan/2022 20:18:09] "GET /static/PearAdminLayui/component/pear/css/pear.css HTTP/1.0" 200 933
[09/Jan/2022 20:18:09] "GET /static/PearAdminLayui/admin/css/load.css HTTP/1.0" 200 1566
[09/Jan/2022 20:18:09] "GET /static/PearAdminLayui/admin/css/admin.css HTTP/1.0" 200 7130
[09/Jan/2022 20:18:09] "GET /static/PearAdminLayui/component/layui/css/layui.css HTTP/1.0" 200 79875
[09/Jan/2022 20:18:09] "GET /static/PearAdminLayui/component/layui/layui.js HTTP/1.0" 200 131072
Traceback (most recent call last):
  File "/www/server/python_manager/versions/3.6.8/lib/python3.6/wsgiref/handlers.py", line 138, in run
    self.finish_response()
  File "/www/server/python_manager/versions/3.6.8/lib/python3.6/wsgiref/handlers.py", line 180, in finish_response
    self.write(data)
  File "/www/server/python_manager/versions/3.6.8/lib/python3.6/wsgiref/handlers.py", line 279, in write
    self._write(data)
  File "/www/server/python_manager/versions/3.6.8/lib/python3.6/wsgiref/handlers.py", line 453, in _write
    result = self.stdout.write(data)
  File "/www/server/python_manager/versions/3.6.8/lib/python3.6/socketserver.py", line 803, in write
    self._sock.sendall(b)
ConnectionResetError: [Errno 104] Connection reset by peer
[09/Jan/2022 20:18:09] "GET /static/PearAdminLayui/component/layui/layui.js HTTP/1.0" 500 59
----------------------------------------
Exception happened during processing of request from ('127.0.0.1', 57398)
Traceback (most recent call last):
  File "/www/server/python_manager/versions/3.6.8/lib/python3.6/wsgiref/handlers.py", line 138, in run
    self.finish_response()
  File "/www/server/python_manager/versions/3.6.8/lib/python3.6/wsgiref/handlers.py", line 180, in finish_response
    self.write(data)
  File "/www/server/python_manager/versions/3.6.8/lib/python3.6/wsgiref/handlers.py", line 279, in write
    self._write(data)
  File "/www/server/python_manager/versions/3.6.8/lib/python3.6/wsgiref/handlers.py", line 453, in _write
    result = self.stdout.write(data)
  File "/www/server/python_manager/versions/3.6.8/lib/python3.6/socketserver.py", line 803, in write
    self._sock.sendall(b)
ConnectionResetError: [Errno 104] Connection reset by peer

During handling of the above exception, another exception occurred:

Traceback (most recent call last):
  File "/www/server/python_manager/versions/3.6.8/lib/python3.6/wsgiref/handlers.py", line 141, in run
    self.handle_error()
  File "/www/server/python_manager/versions/3.6.8/lib/python3.6/site-packages/django/core/servers/basehttp.py", line 116, in handle_error
    super().handle_error()
  File "/www/server/python_manager/versions/3.6.8/lib/python3.6/wsgiref/handlers.py", line 368, in handle_error
    self.finish_response()
  File "/www/server/python_manager/versions/3.6.8/lib/python3.6/wsgiref/handlers.py", line 180, in finish_response
    self.write(data)
  File "/www/server/python_manager/versions/3.6.8/lib/python3.6/wsgiref/handlers.py", line 274, in write
    self.send_headers()
  File "/www/server/python_manager/versions/3.6.8/lib/python3.6/wsgiref/handlers.py", line 331, in send_headers
    if not self.origin_server or self.client_is_modern():
  File "/www/server/python_manager/versions/3.6.8/lib/python3.6/wsgiref/handlers.py", line 344, in client_is_modern
    return self.environ['SERVER_PROTOCOL'].upper() != 'HTTP/0.9'
TypeError: 'NoneType' object is not subscriptable

During handling of the above exception, another exception occurred:

Traceback (most recent call last):
  File "/www/server/python_manager/versions/3.6.8/lib/python3.6/socketserver.py", line 654, in process_request_thread
    self.finish_request(request, client_address)
  File "/www/server/python_manager/versions/3.6.8/lib/python3.6/socketserver.py", line 364, in finish_request
    self.RequestHandlerClass(request, client_address, self)
  File "/www/server/python_manager/versions/3.6.8/lib/python3.6/socketserver.py", line 724, in __init__
    self.handle()
  File "/www/server/python_manager/versions/3.6.8/lib/python3.6/site-packages/django/core/servers/basehttp.py", line 169, in handle
    self.handle_one_request()
  File "/www/server/python_manager/versions/3.6.8/lib/python3.6/site-packages/django/core/servers/basehttp.py", line 194, in handle_one_request
    handler.run(self.server.get_app())
  File "/www/server/python_manager/versions/3.6.8/lib/python3.6/wsgiref/handlers.py", line 144, in run
    self.close()
  File "/www/server/python_manager/versions/3.6.8/lib/python3.6/site-packages/django/core/servers/basehttp.py", line 111, in close
    super().close()
  File "/www/server/python_manager/versions/3.6.8/lib/python3.6/wsgiref/simple_server.py", line 35, in close
    self.status.split(' ',1)[0], self.bytes_sent
AttributeError: 'NoneType' object has no attribute 'split'
----------------------------------------
[09/Jan/2022 20:18:09] "GET /static/PearAdminLayui/component/pear/font/iconfont.css HTTP/1.0" 200 21232
[09/Jan/2022 20:18:09] "GET /static/PearAdminLayui/component/pear/css/module/dtree/font/dtreefont.css HTTP/1.0" 200 4292
[09/Jan/2022 20:18:09] "GET /static/PearAdminLayui/component/pear/css/module/dtree/dtree.css HTTP/1.0" 200 5215
[09/Jan/2022 20:18:09] "GET /static/PearAdminLayui/component/pear/css/module/iconPicker.css HTTP/1.0" 200 57
[09/Jan/2022 20:18:09] "GET /static/PearAdminLayui/component/pear/css/module/treetable.css HTTP/1.0" 200 394
[09/Jan/2022 20:18:09] "GET /static/PearAdminLayui/component/pear/css/module/message.css HTTP/1.0" 200 844
[09/Jan/2022 20:18:09] "GET /static/PearAdminLayui/component/pear/css/module/cropper.css HTTP/1.0" 200 4210
[09/Jan/2022 20:18:09] "GET /static/PearAdminLayui/component/pear/css/module/loading.css HTTP/1.0" 200 25958
[09/Jan/2022 20:18:09] "GET /static/PearAdminLayui/component/pear/css/module/topBar.css HTTP/1.0" 200 85
[09/Jan/2022 20:18:09] "GET /static/PearAdminLayui/component/pear/css/module/form.css HTTP/1.0" 200 1197
[09/Jan/2022 20:18:09] "GET /static/PearAdminLayui/component/pear/css/module/link.css HTTP/1.0" 200 218
[09/Jan/2022 20:18:09] "GET /static/PearAdminLayui/component/pear/css/module/code.css HTTP/1.0" 200 126
[09/Jan/2022 20:18:10] "GET /static/PearAdminLayui/component/pear/css/module/tag.css HTTP/1.0" 200 1081
[09/Jan/2022 20:18:10] "GET /static/PearAdminLayui/component/pear/css/module/tab.css HTTP/1.0" 200 5703
[09/Jan/2022 20:18:10] "GET /static/PearAdminLayui/component/pear/css/module/card.css HTTP/1.0" 200 1369
[09/Jan/2022 20:18:10] "GET /static/PearAdminLayui/component/pear/css/module/step.css HTTP/1.0" 200 1428
[09/Jan/2022 20:18:11] "GET /static/PearAdminLayui/component/pear/css/module/menu.css HTTP/1.0" 200 4525
[09/Jan/2022 20:18:11] "GET /static/PearAdminLayui/component/pear/css/module/layer.css HTTP/1.0" 200 111
[09/Jan/2022 20:18:11] "GET /static/PearAdminLayui/component/pear/css/module/frame.css HTTP/1.0" 200 2774
[09/Jan/2022 20:18:11] "GET /static/PearAdminLayui/component/pear/css/module/table.css HTTP/1.0" 200 1696
[09/Jan/2022 20:18:11] "GET /static/PearAdminLayui/component/pear/css/module/button.css HTTP/1.0" 200 3188
[09/Jan/2022 20:18:11] "GET /static/PearAdminLayui/component/pear/css/module/notice.css HTTP/1.0" 200 7574
[09/Jan/2022 20:18:11] "GET /static/PearAdminLayui/component/pear/css/module/layout.css HTTP/1.0" 200 11615
[09/Jan/2022 20:18:11] "GET /static/PearAdminLayui/component/pear/css/module/select.css HTTP/1.0" 200 19832
[09/Jan/2022 20:18:11] "GET /static/PearAdminLayui/component/pear/pear.js HTTP/1.0" 200 1519
[09/Jan/2022 20:18:11] "GET /static/PearAdminLayui/avatar.svg HTTP/1.0" 200 1411
[09/Jan/2022 20:18:11] "GET /static/PearAdminLayui/component/layui/css/modules/laydate/default/laydate.css?v=5.3.1 HTTP/1.0" 200 7365
[09/Jan/2022 20:18:11] "GET /static/PearAdminLayui/component/layui/css/modules/layer/default/layer.css?v=3.5.1 HTTP/1.0" 200 14271
[09/Jan/2022 20:18:11] "GET /static/PearAdminLayui/component/layui/css/modules/code.css?v=2 HTTP/1.0" 200 1319
[09/Jan/2022 20:18:11] "GET /static/search/mrdoc_logo_300.png HTTP/1.0" 200 1255
[09/Jan/2022 20:18:11] "GET /static/PearAdminLayui/component/pear/module/admin.js?v=3.8.0.Release HTTP/1.0" 200 15168
[09/Jan/2022 20:18:11] "GET /static/PearAdminLayui/component/pear/module/theme.js?v=3.8.0.Release HTTP/1.0" 200 5439
[09/Jan/2022 20:18:11] "GET /static/PearAdminLayui/component/layui/font/iconfont.woff2?v=256 HTTP/1.0" 200 25964
[09/Jan/2022 20:18:12] "GET /static/PearAdminLayui/component/pear/module/message.js?v=3.8.0.Release HTTP/1.0" 200 2613
[09/Jan/2022 20:18:12] "GET /static/PearAdminLayui/component/pear/module/yaml.js?v=3.8.0.Release HTTP/1.0" 200 59922
[09/Jan/2022 20:18:12] "GET /static/PearAdminLayui/component/pear/module/tab.js?v=3.8.0.Release HTTP/1.0" 200 20565
[09/Jan/2022 20:18:13] "GET /static/PearAdminLayui/component/pear/module/menu.js?v=3.8.0.Release HTTP/1.0" 200 15348
[09/Jan/2022 20:18:13] "GET /static/PearAdminLayui/component/pear/module/frame.js?v=3.8.0.Release HTTP/1.0" 200 2560
[09/Jan/2022 20:18:13] "GET /static/PearAdminLayui/component/pear/module/convert.js?v=3.8.0.Release HTTP/1.0" 200 668
[09/Jan/2022 20:18:13] "GET /static/PearAdminLayui/component/pear/module/popup.js?v=3.8.0.Release HTTP/1.0" 200 892
[09/Jan/2022 20:18:14] "GET /user/center_menu/?fresh=0.9032302056977739 HTTP/1.0" 200 2984
[09/Jan/2022 20:18:14] "GET /manage_overview/ HTTP/1.0" 200 28945
[09/Jan/2022 20:18:14] "GET /static/mrdoc_logo_ridus.png HTTP/1.0" 200 17342
[09/Jan/2022 20:18:14] "GET /static/mrdoc/mrdoc-admin.css?version=0.7.4 HTTP/1.0" 200 12543
[09/Jan/2022 20:18:14] "GET /static/PearAdminLayui/admin/css/other/console1.css HTTP/1.0" 200 2016
[09/Jan/2022 20:18:14] "GET /static/PearAdminLayui/component/layui/layui.js?version=0.7.4 HTTP/1.0" 200 180224
Traceback (most recent call last):
  File "/www/server/python_manager/versions/3.6.8/lib/python3.6/wsgiref/handlers.py", line 138, in run
    self.finish_response()
  File "/www/server/python_manager/versions/3.6.8/lib/python3.6/wsgiref/handlers.py", line 180, in finish_response
    self.write(data)
  File "/www/server/python_manager/versions/3.6.8/lib/python3.6/wsgiref/handlers.py", line 279, in write
    self._write(data)
  File "/www/server/python_manager/versions/3.6.8/lib/python3.6/wsgiref/handlers.py", line 453, in _write
    result = self.stdout.write(data)
  File "/www/server/python_manager/versions/3.6.8/lib/python3.6/socketserver.py", line 803, in write
    self._sock.sendall(b)
ConnectionResetError: [Errno 104] Connection reset by peer
[09/Jan/2022 20:18:14] "GET /static/PearAdminLayui/component/layui/layui.js?version=0.7.4 HTTP/1.0" 500 59
----------------------------------------
Exception happened during processing of request from ('127.0.0.1', 57492)
Traceback (most recent call last):
  File "/www/server/python_manager/versions/3.6.8/lib/python3.6/wsgiref/handlers.py", line 138, in run
    self.finish_response()
  File "/www/server/python_manager/versions/3.6.8/lib/python3.6/wsgiref/handlers.py", line 180, in finish_response
    self.write(data)
  File "/www/server/python_manager/versions/3.6.8/lib/python3.6/wsgiref/handlers.py", line 279, in write
    self._write(data)
  File "/www/server/python_manager/versions/3.6.8/lib/python3.6/wsgiref/handlers.py", line 453, in _write
    result = self.stdout.write(data)
  File "/www/server/python_manager/versions/3.6.8/lib/python3.6/socketserver.py", line 803, in write
    self._sock.sendall(b)
ConnectionResetError: [Errno 104] Connection reset by peer

During handling of the above exception, another exception occurred:

Traceback (most recent call last):
  File "/www/server/python_manager/versions/3.6.8/lib/python3.6/wsgiref/handlers.py", line 141, in run
    self.handle_error()
  File "/www/server/python_manager/versions/3.6.8/lib/python3.6/site-packages/django/core/servers/basehttp.py", line 116, in handle_error
    super().handle_error()
  File "/www/server/python_manager/versions/3.6.8/lib/python3.6/wsgiref/handlers.py", line 368, in handle_error
    self.finish_response()
  File "/www/server/python_manager/versions/3.6.8/lib/python3.6/wsgiref/handlers.py", line 180, in finish_response
    self.write(data)
  File "/www/server/python_manager/versions/3.6.8/lib/python3.6/wsgiref/handlers.py", line 274, in write
    self.send_headers()
  File "/www/server/python_manager/versions/3.6.8/lib/python3.6/wsgiref/handlers.py", line 331, in send_headers
    if not self.origin_server or self.client_is_modern():
  File "/www/server/python_manager/versions/3.6.8/lib/python3.6/wsgiref/handlers.py", line 344, in client_is_modern
    return self.environ['SERVER_PROTOCOL'].upper() != 'HTTP/0.9'
TypeError: 'NoneType' object is not subscriptable

During handling of the above exception, another exception occurred:

Traceback (most recent call last):
  File "/www/server/python_manager/versions/3.6.8/lib/python3.6/socketserver.py", line 654, in process_request_thread
    self.finish_request(request, client_address)
  File "/www/server/python_manager/versions/3.6.8/lib/python3.6/socketserver.py", line 364, in finish_request
    self.RequestHandlerClass(request, client_address, self)
  File "/www/server/python_manager/versions/3.6.8/lib/python3.6/socketserver.py", line 724, in __init__
    self.handle()
  File "/www/server/python_manager/versions/3.6.8/lib/python3.6/site-packages/django/core/servers/basehttp.py", line 169, in handle
    self.handle_one_request()
  File "/www/server/python_manager/versions/3.6.8/lib/python3.6/site-packages/django/core/servers/basehttp.py", line 194, in handle_one_request
    handler.run(self.server.get_app())
  File "/www/server/python_manager/versions/3.6.8/lib/python3.6/wsgiref/handlers.py", line 144, in run
    self.close()
  File "/www/server/python_manager/versions/3.6.8/lib/python3.6/site-packages/django/core/servers/basehttp.py", line 111, in close
    super().close()
  File "/www/server/python_manager/versions/3.6.8/lib/python3.6/wsgiref/simple_server.py", line 35, in close
    self.status.split(' ',1)[0], self.bytes_sent
AttributeError: 'NoneType' object has no attribute 'split'
----------------------------------------
[09/Jan/2022 20:18:14] "GET /static/PearAdminLayui/component/pear/pear.js?version=0.7.4 HTTP/1.0" 200 1519
[09/Jan/2022 20:18:15] "GET /static/PearAdminLayui/component/pear/module/echarts.js?v=3.8.0.Release HTTP/1.0" 200 1130496
Traceback (most recent call last):
  File "/www/server/python_manager/versions/3.6.8/lib/python3.6/wsgiref/handlers.py", line 138, in run
    self.finish_response()
  File "/www/server/python_manager/versions/3.6.8/lib/python3.6/wsgiref/handlers.py", line 180, in finish_response
    self.write(data)
  File "/www/server/python_manager/versions/3.6.8/lib/python3.6/wsgiref/handlers.py", line 279, in write
    self._write(data)
  File "/www/server/python_manager/versions/3.6.8/lib/python3.6/wsgiref/handlers.py", line 453, in _write
    result = self.stdout.write(data)
  File "/www/server/python_manager/versions/3.6.8/lib/python3.6/socketserver.py", line 803, in write
    self._sock.sendall(b)
ConnectionResetError: [Errno 104] Connection reset by peer
[09/Jan/2022 20:18:15] "GET /static/PearAdminLayui/component/pear/module/echarts.js?v=3.8.0.Release HTTP/1.0" 500 59
----------------------------------------
Exception happened during processing of request from ('127.0.0.1', 57496)
Traceback (most recent call last):
  File "/www/server/python_manager/versions/3.6.8/lib/python3.6/wsgiref/handlers.py", line 138, in run
    self.finish_response()
  File "/www/server/python_manager/versions/3.6.8/lib/python3.6/wsgiref/handlers.py", line 180, in finish_response
    self.write(data)
  File "/www/server/python_manager/versions/3.6.8/lib/python3.6/wsgiref/handlers.py", line 279, in write
    self._write(data)
  File "/www/server/python_manager/versions/3.6.8/lib/python3.6/wsgiref/handlers.py", line 453, in _write
    result = self.stdout.write(data)
  File "/www/server/python_manager/versions/3.6.8/lib/python3.6/socketserver.py", line 803, in write
    self._sock.sendall(b)
ConnectionResetError: [Errno 104] Connection reset by peer

During handling of the above exception, another exception occurred:

Traceback (most recent call last):
  File "/www/server/python_manager/versions/3.6.8/lib/python3.6/wsgiref/handlers.py", line 141, in run
    self.handle_error()
  File "/www/server/python_manager/versions/3.6.8/lib/python3.6/site-packages/django/core/servers/basehttp.py", line 116, in handle_error
    super().handle_error()
  File "/www/server/python_manager/versions/3.6.8/lib/python3.6/wsgiref/handlers.py", line 368, in handle_error
    self.finish_response()
  File "/www/server/python_manager/versions/3.6.8/lib/python3.6/wsgiref/handlers.py", line 180, in finish_response
    self.write(data)
  File "/www/server/python_manager/versions/3.6.8/lib/python3.6/wsgiref/handlers.py", line 274, in write
    self.send_headers()
  File "/www/server/python_manager/versions/3.6.8/lib/python3.6/wsgiref/handlers.py", line 331, in send_headers
    if not self.origin_server or self.client_is_modern():
  File "/www/server/python_manager/versions/3.6.8/lib/python3.6/wsgiref/handlers.py", line 344, in client_is_modern
    return self.environ['SERVER_PROTOCOL'].upper() != 'HTTP/0.9'
TypeError: 'NoneType' object is not subscriptable

During handling of the above exception, another exception occurred:

Traceback (most recent call last):
  File "/www/server/python_manager/versions/3.6.8/lib/python3.6/socketserver.py", line 654, in process_request_thread
    self.finish_request(request, client_address)
  File "/www/server/python_manager/versions/3.6.8/lib/python3.6/socketserver.py", line 364, in finish_request
    self.RequestHandlerClass(request, client_address, self)
  File "/www/server/python_manager/versions/3.6.8/lib/python3.6/socketserver.py", line 724, in __init__
    self.handle()
  File "/www/server/python_manager/versions/3.6.8/lib/python3.6/site-packages/django/core/servers/basehttp.py", line 169, in handle
    self.handle_one_request()
  File "/www/server/python_manager/versions/3.6.8/lib/python3.6/site-packages/django/core/servers/basehttp.py", line 194, in handle_one_request
    handler.run(self.server.get_app())
  File "/www/server/python_manager/versions/3.6.8/lib/python3.6/wsgiref/handlers.py", line 144, in run
    self.close()
  File "/www/server/python_manager/versions/3.6.8/lib/python3.6/site-packages/django/core/servers/basehttp.py", line 111, in close
    super().close()
  File "/www/server/python_manager/versions/3.6.8/lib/python3.6/wsgiref/simple_server.py", line 35, in close
    self.status.split(' ',1)[0], self.bytes_sent
AttributeError: 'NoneType' object has no attribute 'split'
----------------------------------------
[09/Jan/2022 20:18:15] "GET /static/PearAdminLayui/component/pear/module/echartsTheme.js?v=3.8.0.Release HTTP/1.0" 200 15295
[09/Jan/2022 20:18:15] "GET /static/PearAdminLayui/component/pear/module/count.js?v=3.8.0.Release HTTP/1.0" 200 812
[09/Jan/2022 20:18:16] "GET /static/PearAdminLayui/component/pear/module/topBar.js?v=3.8.0.Release HTTP/1.0" 200 258
[09/Jan/2022 20:18:17] "GET /manage_image/ HTTP/1.0" 200 30977
[09/Jan/2022 20:18:18] "GET /static/viewerjs/viewer.css?version=0.7.4 HTTP/1.0" 200 9281
[09/Jan/2022 20:18:18] "GET /static/viewerjs/viewer.min.js HTTP/1.0" 200 32388
[09/Jan/2022 20:18:18] "GET /media/202201/2022-01-09_1743510.06430358234861278.png HTTP/1.0" 200 145860
[09/Jan/2022 20:18:18] "GET /media/202201/2022-01-09_1738130.8641382032786079.png HTTP/1.0" 200 144116
[09/Jan/2022 20:18:18] "GET /media/202201/2022-01-03_2054110.6387905739214823.png HTTP/1.0" 404 5631
[09/Jan/2022 20:18:18] "GET /media/202201/2022-01-09_1736130.3886432153851599.png HTTP/1.0" 200 102249
[09/Jan/2022 20:18:18] "GET /media/202201/2022-01-01_2028030.7821853250370457.png HTTP/1.0" 404 5631
[09/Jan/2022 20:18:18] "GET /media/202201/2022-01-01_2153070.6143603602751636.png HTTP/1.0" 404 5631
[09/Jan/2022 20:18:18] "GET /media/202201/2022-01-02_1434070.6118026921176614.png HTTP/1.0" 404 5631
[09/Jan/2022 20:18:18] "GET /media/202201/2022-01-01_2029020.49156035537216447.png HTTP/1.0" 404 5631
[09/Jan/2022 20:18:18] "GET /media/202201/2022-01-01_2153590.12583197997067863.png HTTP/1.0" 404 5631
[09/Jan/2022 20:18:18] "GET /media/202201/2022-01-01_2150240.9084722247480854.png HTTP/1.0" 404 5631
[09/Jan/2022 20:18:18] "GET /media/202201/2022-01-01_2028550.9915058170844213.png HTTP/1.0" 404 5631
[09/Jan/2022 20:18:18] "GET /media/202201/2022-01-01_2027330.2863210985175516.png HTTP/1.0" 404 5631
[09/Jan/2022 20:18:18] "GET /media/202201/2022-01-01_145854_409505.png HTTP/1.0" 404 5631
[09/Jan/2022 20:18:18] "GET /media/202112/2021-12-19_2014540.46683714627865613.png HTTP/1.0" 404 5631
[09/Jan/2022 20:18:18] "GET /media/202112/2021-12-19_2007220.4987585958456544.png HTTP/1.0" 404 5631
[09/Jan/2022 20:18:18] "GET /media/202112/2021-12-19_2000560.8849942983479202.png HTTP/1.0" 404 5631
[09/Jan/2022 20:18:18] "GET /media/202112/2021-12-19_1952330.985865593071933.png HTTP/1.0" 404 5631
[09/Jan/2022 20:18:18] "GET /media/202112/2021-12-19_1934110.8850201676297518.png HTTP/1.0" 404 5631
[09/Jan/2022 20:18:27] "GET /download_doc_md/833/ HTTP/1.0" 200 3986
[09/Jan/2022 20:18:28] "GET /manage_image/?page=2&group=0 HTTP/1.0" 200 30454
[09/Jan/2022 20:18:29] "GET /media/202112/2021-12-19_1715020.9710785076914877.png HTTP/1.0" 404 5631
[09/Jan/2022 20:18:29] "GET /media/202112/2021-12-19_1715020.13017431922923417.png HTTP/1.0" 404 5631
[09/Jan/2022 20:18:29] "GET /media/202112/2021-12-19_1657260.04642150690593416.png HTTP/1.0" 404 5631
[09/Jan/2022 20:18:29] "GET /media/202112/2021-12-19_1706390.06796498476713453.png HTTP/1.0" 404 5631
[09/Jan/2022 20:18:29] "GET /media/202112/2021-12-19_162116_969654.png HTTP/1.0" 404 5631
[09/Jan/2022 20:18:29] "GET /media/202112/2021-12-19_161755_031964.png HTTP/1.0" 404 5631
[09/Jan/2022 20:18:29] "GET /media/202112/2021-12-19_161240_548047.png HTTP/1.0" 404 5631
[09/Jan/2022 20:18:29] "GET /media/202112/2021-12-19_161019_353256.png HTTP/1.0" 404 5631
[09/Jan/2022 20:18:29] "GET /media/202112/2021-12-19_112828_122003.png HTTP/1.0" 404 5631
[09/Jan/2022 20:18:29] "GET /media/202112/2021-12-19_112346_144620.png HTTP/1.0" 404 5631
[09/Jan/2022 20:18:29] "GET /media/202112/2021-12-19_111110_960453.png HTTP/1.0" 404 5631
[09/Jan/2022 20:18:29] "GET /media/202112/2021-12-19_105809_127613.png HTTP/1.0" 404 5631
[09/Jan/2022 20:18:29] "GET /media/202112/2021-12-19_100611_088200.png HTTP/1.0" 404 5631
[09/Jan/2022 20:18:29] "GET /media/202112/2021-12-18_170438_469892.png HTTP/1.0" 404 5631
[09/Jan/2022 20:18:29] "GET /media/202112/2021-12-18_162137_176474.png HTTP/1.0" 404 5631
[09/Jan/2022 20:18:29] "GET /media/202112/2021-12-18_161641_713625.png HTTP/1.0" 404 5631
[09/Jan/2022 20:18:29] "GET /media/202112/2021-12-18_160320_892162.png HTTP/1.0" 404 5631
[09/Jan/2022 20:18:29] "GET /media/202111/23-%E5%90%88%E5%B9%B6K%E4%B8%AA%E5%8D%87%E5%BA%8F%E9%93%BE%E8%A1%A8_1638085857.gif HTTP/1.0" 404 5631
[09/Jan/2022 20:18:31] "GET /manage_image/?page=3&group=0 HTTP/1.0" 200 30218
[09/Jan/2022 20:18:31] "GET /media/202111/2021-11-28_111120_965630.png HTTP/1.0" 200 90813
[09/Jan/2022 20:18:31] "GET /media/202111/2021-11-28_110640_657066.png HTTP/1.0" 200 134851
[09/Jan/2022 20:18:31] "GET /media/202111/2021-11-28_103329_842719.png HTTP/1.0" 200 109068
[09/Jan/2022 20:18:31] "GET /media/202111/2021-11-28_102724_799099.png HTTP/1.0" 200 73095
[09/Jan/2022 20:18:31] "GET /media/202111/2021-11-28_095623_240528.png HTTP/1.0" 200 92487
[09/Jan/2022 20:18:31] "GET /media/202111/2021-11-28_095354_224729.png HTTP/1.0" 200 59529
[09/Jan/2022 20:18:31] "GET /media/202111/2021-11-28_095134_309740.png HTTP/1.0" 200 114831
[09/Jan/2022 20:18:31] "GET /media/202111/2021-11-28_094933_121734.png HTTP/1.0" 200 53726
[09/Jan/2022 20:18:31] "GET /media/202111/2021-11-28_094836_317596.png HTTP/1.0" 404 5631
[09/Jan/2022 20:18:31] "GET /media/202111/2021-11-28_094312_948755.png HTTP/1.0" 200 98802
[09/Jan/2022 20:18:32] "GET /media/202111/2021-11-28_094150_265177.png HTTP/1.0" 200 56427
[09/Jan/2022 20:18:32] "GET /media/202111/2021-11-27_223618_823817.png HTTP/1.0" 200 18086
[09/Jan/2022 20:18:32] "GET /media/202111/2021-11-27_223237_604074.png HTTP/1.0" 200 29920
[09/Jan/2022 20:18:32] "GET /media/202111/2021-11-27_223027_491269.png HTTP/1.0" 200 10462
[09/Jan/2022 20:18:32] "GET /media/202111/2021-11-27_222656_435446.png HTTP/1.0" 200 85479
[09/Jan/2022 20:18:32] "GET /media/202111/2021-11-27_221543_373621.png HTTP/1.0" 200 89568
[09/Jan/2022 20:18:32] "GET /media/202111/2021-11-27_221231_171901.png HTTP/1.0" 200 74260
[09/Jan/2022 20:18:32] "GET /media/202111/2021-11-27_203041_280933.png HTTP/1.0" 200 103679
[09/Jan/2022 20:18:55] "GET /manage_image/?page=4&group=0 HTTP/1.0" 200 30358
[09/Jan/2022 20:18:55] "GET /media/202111/2021-11-27_202957_043074.png HTTP/1.0" 404 5631
[09/Jan/2022 20:18:55] "GET /media/202111/2021-11-27_164606_234345.png HTTP/1.0" 200 124323
[09/Jan/2022 20:18:55] "GET /media/202111/2021-11-27_161016_536566.png HTTP/1.0" 200 30335
[09/Jan/2022 20:18:55] "GET /media/202111/2021-11-27_160817_175490.png HTTP/1.0" 200 37278
[09/Jan/2022 20:18:55] "GET /media/202111/2021-11-27_155158_098423.png HTTP/1.0" 200 22762
[09/Jan/2022 20:18:55] "GET /media/202111/2021-11-27_155328_630858.png HTTP/1.0" 200 38525
[09/Jan/2022 20:18:55] "GET /media/202111/2021-11-27_155054_445839.png HTTP/1.0" 200 27278
[09/Jan/2022 20:18:55] "GET /media/202111/2021-11-27_145211_821474.png HTTP/1.0" 200 131509
[09/Jan/2022 20:18:55] "GET /media/202111/2021-11-27_112703_818816.png HTTP/1.0" 200 28012
[09/Jan/2022 20:18:55] "GET /media/202111/2021-11-27_112452_412864.png HTTP/1.0" 200 55509
[09/Jan/2022 20:18:56] "GET /media/202111/2021-11-27_112107_404362.png HTTP/1.0" 200 11993
[09/Jan/2022 20:18:56] "GET /media/202111/2021-11-27_111413_543487.png HTTP/1.0" 200 34482
[09/Jan/2022 20:18:56] "GET /media/202111/2021-11-27_111154_830220.png HTTP/1.0" 200 9781
[09/Jan/2022 20:18:56] "GET /media/202111/2021-11-27_110540_233546.png HTTP/1.0" 200 95529
[09/Jan/2022 20:18:56] "GET /media/202111/2021-11-21_2246440.5904891752502391.png HTTP/1.0" 200 11395
[09/Jan/2022 20:18:56] "GET /media/202111/2021-11-21_2239570.38904421963548796.png HTTP/1.0" 200 11218
[09/Jan/2022 20:18:56] "GET /media/202111/2021-11-21_2239130.21635777432207792.png HTTP/1.0" 404 5631
[09/Jan/2022 20:18:56] "GET /media/202111/2021-11-21_171205_682996.png HTTP/1.0" 200 61575
[09/Jan/2022 20:18:59] "GET /manage_image/?page=5&group=0 HTTP/1.0" 200 30218
[09/Jan/2022 20:18:59] "GET /media/202111/2021-11-21_170733_849788.png HTTP/1.0" 200 68036
[09/Jan/2022 20:18:59] "GET /media/202111/2021-11-21_170636_355671.png HTTP/1.0" 404 5631
[09/Jan/2022 20:18:59] "GET /media/202111/2021-11-21_170106_918674.png HTTP/1.0" 200 143010
[09/Jan/2022 20:18:59] "GET /media/202111/2021-11-21_165503_187144.png HTTP/1.0" 200 54579
[09/Jan/2022 20:18:59] "GET /media/202111/2021-11-21_165235_906558.png HTTP/1.0" 200 94261
[09/Jan/2022 20:18:59] "GET /media/202111/2021-11-21_160744_603525.png HTTP/1.0" 200 42551
[09/Jan/2022 20:18:59] "GET /media/202111/2021-11-21_165210_546076.png HTTP/1.0" 404 5631
[09/Jan/2022 20:18:59] "GET /media/202111/2021-11-21_160559_325952.png HTTP/1.0" 200 42388
[09/Jan/2022 20:18:59] "GET /media/202111/2021-11-21_155416_457092.png HTTP/1.0" 200 36595
[09/Jan/2022 20:18:59] "GET /media/202111/2021-11-21_160412_748507.png HTTP/1.0" 200 36434
[09/Jan/2022 20:18:59] "GET /media/202111/2021-11-21_155207_777294.png HTTP/1.0" 200 34519
[09/Jan/2022 20:19:00] "GET /media/202111/2021-11-21_121953_691437.png HTTP/1.0" 200 98440
[09/Jan/2022 20:19:00] "GET /media/202111/2021-11-21_121849_883745.png HTTP/1.0" 404 5631
[09/Jan/2022 20:19:00] "GET /media/202111/2021-11-21_105129_127181.png HTTP/1.0" 200 10844
[09/Jan/2022 20:19:00] "GET /media/202111/2021-11-21_105048_249269.png HTTP/1.0" 200 10342
[09/Jan/2022 20:19:00] "GET /media/202111/2021-11-21_104928_715190.png HTTP/1.0" 200 56782
[09/Jan/2022 20:19:00] "GET /media/202111/2021-11-21_104643_711649.png HTTP/1.0" 200 40051
[09/Jan/2022 20:19:00] "GET /media/202111/2021-11-21_103555_468133.png HTTP/1.0" 200 24654
[09/Jan/2022 20:19:02] "GET /manage_image/?page=6&group=0 HTTP/1.0" 200 30218
[09/Jan/2022 20:19:02] "GET /media/202111/2021-11-20_173425_700201.png HTTP/1.0" 200 108848
[09/Jan/2022 20:19:02] "GET /media/202111/2021-11-20_155316_501643.png HTTP/1.0" 200 58281
[09/Jan/2022 20:19:02] "GET /media/202111/2021-11-20_154940_112605.png HTTP/1.0" 200 188411
[09/Jan/2022 20:19:02] "GET /media/202111/2021-11-20_151059_219160.png HTTP/1.0" 404 5631
[09/Jan/2022 20:19:02] "GET /media/202111/2021-11-20_151207_425490.png HTTP/1.0" 200 61875
[09/Jan/2022 20:19:02] "GET /media/202111/2021-11-20_150921_876651.png HTTP/1.0" 200 63114
[09/Jan/2022 20:19:02] "GET /media/202111/2021-11-20_150345_558279.png HTTP/1.0" 200 64918
[09/Jan/2022 20:19:02] "GET /media/202111/2021-11-20_150151_307622.png HTTP/1.0" 200 87947
[09/Jan/2022 20:19:02] "GET /media/202111/2021-11-20_145732_506831.png HTTP/1.0" 200 56403
[09/Jan/2022 20:19:02] "GET /media/202111/2021-11-20_145535_025365.png HTTP/1.0" 200 12664
[09/Jan/2022 20:19:03] "GET /media/202111/2021-11-20_145418_902803.png HTTP/1.0" 200 12285
[09/Jan/2022 20:19:03] "GET /media/202111/2021-11-20_145244_555813.png HTTP/1.0" 200 68012
[09/Jan/2022 20:19:03] "GET /media/202111/2021-11-14_221925_952904.png HTTP/1.0" 200 27649
[09/Jan/2022 20:19:03] "GET /media/202111/2021-11-14_221730_565884.png HTTP/1.0" 404 5631
[09/Jan/2022 20:19:03] "GET /media/202111/2021-11-14_165643_013311.png HTTP/1.0" 200 48682
[09/Jan/2022 20:19:03] "GET /media/202111/2021-11-14_165447_497715.png HTTP/1.0" 200 33860
[09/Jan/2022 20:19:03] "GET /media/202111/2021-11-14_161048_420878.png HTTP/1.0" 200 26650
[09/Jan/2022 20:19:03] "GET /media/202111/2021-11-14_152111_684883.png HTTP/1.0" 200 21639
[09/Jan/2022 20:19:08] "GET /manage_image/?page=5&group=0 HTTP/1.0" 200 30218
[09/Jan/2022 20:19:09] "GET /media/202111/2021-11-21_170733_849788.png HTTP/1.0" 200 68036
[09/Jan/2022 20:19:09] "GET /media/202111/2021-11-21_170636_355671.png HTTP/1.0" 404 5631
[09/Jan/2022 20:19:09] "GET /media/202111/2021-11-21_170106_918674.png HTTP/1.0" 200 143010
[09/Jan/2022 20:19:09] "GET /media/202111/2021-11-21_165503_187144.png HTTP/1.0" 200 54579
[09/Jan/2022 20:19:09] "GET /media/202111/2021-11-21_165210_546076.png HTTP/1.0" 404 5631
[09/Jan/2022 20:19:09] "GET /media/202111/2021-11-21_165235_906558.png HTTP/1.0" 200 94261
[09/Jan/2022 20:19:09] "GET /media/202111/2021-11-21_160744_603525.png HTTP/1.0" 200 42551
[09/Jan/2022 20:19:09] "GET /media/202111/2021-11-21_160559_325952.png HTTP/1.0" 200 42388
[09/Jan/2022 20:19:09] "GET /media/202111/2021-11-21_160412_748507.png HTTP/1.0" 200 36434
[09/Jan/2022 20:19:09] "GET /media/202111/2021-11-21_155416_457092.png HTTP/1.0" 200 36595
[09/Jan/2022 20:19:09] "GET /media/202111/2021-11-21_121849_883745.png HTTP/1.0" 404 5631
[09/Jan/2022 20:19:11] "GET /manage_image/?page=4&group=0 HTTP/1.0" 200 30358
[09/Jan/2022 20:19:11] "GET /media/202111/2021-11-27_202957_043074.png HTTP/1.0" 404 5631
[09/Jan/2022 20:19:11] "GET /media/202111/2021-11-27_164606_234345.png HTTP/1.0" 200 124323
[09/Jan/2022 20:19:11] "GET /media/202111/2021-11-27_161016_536566.png HTTP/1.0" 200 30335
[09/Jan/2022 20:19:11] "GET /media/202111/2021-11-27_160817_175490.png HTTP/1.0" 200 37278
[09/Jan/2022 20:19:11] "GET /media/202111/2021-11-27_155328_630858.png HTTP/1.0" 200 38525
[09/Jan/2022 20:19:11] "GET /media/202111/2021-11-27_155054_445839.png HTTP/1.0" 200 27278
[09/Jan/2022 20:19:11] "GET /media/202111/2021-11-27_155158_098423.png HTTP/1.0" 200 22762
[09/Jan/2022 20:19:11] "GET /media/202111/2021-11-27_145211_821474.png HTTP/1.0" 200 131509
[09/Jan/2022 20:19:11] "GET /media/202111/2021-11-27_112452_412864.png HTTP/1.0" 200 55509
[09/Jan/2022 20:19:11] "GET /media/202111/2021-11-27_112703_818816.png HTTP/1.0" 200 28012
[09/Jan/2022 20:19:11] "GET /media/202111/2021-11-27_112107_404362.png HTTP/1.0" 200 11993
[09/Jan/2022 20:19:11] "GET /media/202111/2021-11-27_111413_543487.png HTTP/1.0" 200 34482
[09/Jan/2022 20:19:11] "GET /media/202111/2021-11-27_111154_830220.png HTTP/1.0" 200 9781
[09/Jan/2022 20:19:11] "GET /media/202111/2021-11-27_110540_233546.png HTTP/1.0" 200 95529
[09/Jan/2022 20:19:11] "GET /media/202111/2021-11-21_2239130.21635777432207792.png HTTP/1.0" 404 5631
[09/Jan/2022 20:19:11] "GET /media/202111/2021-11-21_171205_682996.png HTTP/1.0" 200 61575
[09/Jan/2022 20:19:13] "GET /manage_image/?page=3&group=0 HTTP/1.0" 200 30218
[09/Jan/2022 20:19:13] "GET /media/202111/2021-11-28_111120_965630.png HTTP/1.0" 200 90813
[09/Jan/2022 20:19:13] "GET /media/202111/2021-11-28_110640_657066.png HTTP/1.0" 200 134851
[09/Jan/2022 20:19:13] "GET /media/202111/2021-11-28_103329_842719.png HTTP/1.0" 200 109068
[09/Jan/2022 20:19:13] "GET /media/202111/2021-11-28_095623_240528.png HTTP/1.0" 200 92487
[09/Jan/2022 20:19:13] "GET /media/202111/2021-11-28_095354_224729.png HTTP/1.0" 200 59529
[09/Jan/2022 20:19:13] "GET /media/202111/2021-11-28_102724_799099.png HTTP/1.0" 200 73095
[09/Jan/2022 20:19:13] "GET /media/202111/2021-11-28_094933_121734.png HTTP/1.0" 200 53726
[09/Jan/2022 20:19:13] "GET /media/202111/2021-11-28_095134_309740.png HTTP/1.0" 200 81920
Traceback (most recent call last):
  File "/www/server/python_manager/versions/3.6.8/lib/python3.6/wsgiref/handlers.py", line 138, in run
    self.finish_response()
  File "/www/server/python_manager/versions/3.6.8/lib/python3.6/wsgiref/handlers.py", line 180, in finish_response
    self.write(data)
  File "/www/server/python_manager/versions/3.6.8/lib/python3.6/wsgiref/handlers.py", line 279, in write
    self._write(data)
  File "/www/server/python_manager/versions/3.6.8/lib/python3.6/wsgiref/handlers.py", line 453, in _write
    result = self.stdout.write(data)
  File "/www/server/python_manager/versions/3.6.8/lib/python3.6/socketserver.py", line 803, in write
    self._sock.sendall(b)
ConnectionResetError: [Errno 104] Connection reset by peer
[09/Jan/2022 20:19:13] "GET /media/202111/2021-11-28_095134_309740.png HTTP/1.0" 500 59
----------------------------------------
Exception happened during processing of request from ('127.0.0.1', 57810)
Traceback (most recent call last):
  File "/www/server/python_manager/versions/3.6.8/lib/python3.6/wsgiref/handlers.py", line 138, in run
    self.finish_response()
  File "/www/server/python_manager/versions/3.6.8/lib/python3.6/wsgiref/handlers.py", line 180, in finish_response
    self.write(data)
  File "/www/server/python_manager/versions/3.6.8/lib/python3.6/wsgiref/handlers.py", line 279, in write
    self._write(data)
  File "/www/server/python_manager/versions/3.6.8/lib/python3.6/wsgiref/handlers.py", line 453, in _write
    result = self.stdout.write(data)
  File "/www/server/python_manager/versions/3.6.8/lib/python3.6/socketserver.py", line 803, in write
    self._sock.sendall(b)
ConnectionResetError: [Errno 104] Connection reset by peer

During handling of the above exception, another exception occurred:

Traceback (most recent call last):
  File "/www/server/python_manager/versions/3.6.8/lib/python3.6/wsgiref/handlers.py", line 141, in run
    self.handle_error()
  File "/www/server/python_manager/versions/3.6.8/lib/python3.6/site-packages/django/core/servers/basehttp.py", line 116, in handle_error
    super().handle_error()
  File "/www/server/python_manager/versions/3.6.8/lib/python3.6/wsgiref/handlers.py", line 368, in handle_error
    self.finish_response()
  File "/www/server/python_manager/versions/3.6.8/lib/python3.6/wsgiref/handlers.py", line 180, in finish_response
    self.write(data)
  File "/www/server/python_manager/versions/3.6.8/lib/python3.6/wsgiref/handlers.py", line 274, in write
    self.send_headers()
  File "/www/server/python_manager/versions/3.6.8/lib/python3.6/wsgiref/handlers.py", line 331, in send_headers
    if not self.origin_server or self.client_is_modern():
  File "/www/server/python_manager/versions/3.6.8/lib/python3.6/wsgiref/handlers.py", line 344, in client_is_modern
    return self.environ['SERVER_PROTOCOL'].upper() != 'HTTP/0.9'
TypeError: 'NoneType' object is not subscriptable

During handling of the above exception, another exception occurred:

Traceback (most recent call last):
  File "/www/server/python_manager/versions/3.6.8/lib/python3.6/socketserver.py", line 654, in process_request_thread
    self.finish_request(request, client_address)
  File "/www/server/python_manager/versions/3.6.8/lib/python3.6/socketserver.py", line 364, in finish_request
    self.RequestHandlerClass(request, client_address, self)
  File "/www/server/python_manager/versions/3.6.8/lib/python3.6/socketserver.py", line 724, in __init__
    self.handle()
  File "/www/server/python_manager/versions/3.6.8/lib/python3.6/site-packages/django/core/servers/basehttp.py", line 169, in handle
    self.handle_one_request()
  File "/www/server/python_manager/versions/3.6.8/lib/python3.6/site-packages/django/core/servers/basehttp.py", line 194, in handle_one_request
    handler.run(self.server.get_app())
  File "/www/server/python_manager/versions/3.6.8/lib/python3.6/wsgiref/handlers.py", line 144, in run
    self.close()
  File "/www/server/python_manager/versions/3.6.8/lib/python3.6/site-packages/django/core/servers/basehttp.py", line 111, in close
    super().close()
  File "/www/server/python_manager/versions/3.6.8/lib/python3.6/wsgiref/simple_server.py", line 35, in close
    self.status.split(' ',1)[0], self.bytes_sent
AttributeError: 'NoneType' object has no attribute 'split'
----------------------------------------
[09/Jan/2022 20:19:13] "GET /media/202111/2021-11-28_094836_317596.png HTTP/1.0" 404 5631
[09/Jan/2022 20:19:13] "GET /media/202111/2021-11-28_094312_948755.png HTTP/1.0" 200 98802
[09/Jan/2022 20:19:14] "GET /media/202111/2021-11-28_094150_265177.png HTTP/1.0" 200 56427
[09/Jan/2022 20:19:14] "GET /media/202111/2021-11-27_223618_823817.png HTTP/1.0" 200 18086
[09/Jan/2022 20:19:14] "GET /media/202111/2021-11-27_223237_604074.png HTTP/1.0" 200 29920
[09/Jan/2022 20:19:14] "GET /media/202111/2021-11-27_223027_491269.png HTTP/1.0" 200 10462
[09/Jan/2022 20:19:14] "GET /media/202111/2021-11-27_222656_435446.png HTTP/1.0" 200 73728
Traceback (most recent call last):
  File "/www/server/python_manager/versions/3.6.8/lib/python3.6/wsgiref/handlers.py", line 138, in run
    self.finish_response()
  File "/www/server/python_manager/versions/3.6.8/lib/python3.6/wsgiref/handlers.py", line 180, in finish_response
    self.write(data)
  File "/www/server/python_manager/versions/3.6.8/lib/python3.6/wsgiref/handlers.py", line 279, in write
    self._write(data)
  File "/www/server/python_manager/versions/3.6.8/lib/python3.6/wsgiref/handlers.py", line 453, in _write
    result = self.stdout.write(data)
  File "/www/server/python_manager/versions/3.6.8/lib/python3.6/socketserver.py", line 803, in write
    self._sock.sendall(b)
ConnectionResetError: [Errno 104] Connection reset by peer
[09/Jan/2022 20:19:14] "GET /media/202111/2021-11-27_222656_435446.png HTTP/1.0" 500 59
----------------------------------------
Exception happened during processing of request from ('127.0.0.1', 57826)
Traceback (most recent call last):
  File "/www/server/python_manager/versions/3.6.8/lib/python3.6/wsgiref/handlers.py", line 138, in run
    self.finish_response()
  File "/www/server/python_manager/versions/3.6.8/lib/python3.6/wsgiref/handlers.py", line 180, in finish_response
    self.write(data)
  File "/www/server/python_manager/versions/3.6.8/lib/python3.6/wsgiref/handlers.py", line 279, in write
    self._write(data)
  File "/www/server/python_manager/versions/3.6.8/lib/python3.6/wsgiref/handlers.py", line 453, in _write
    result = self.stdout.write(data)
  File "/www/server/python_manager/versions/3.6.8/lib/python3.6/socketserver.py", line 803, in write
    self._sock.sendall(b)
ConnectionResetError: [Errno 104] Connection reset by peer

During handling of the above exception, another exception occurred:

Traceback (most recent call last):
  File "/www/server/python_manager/versions/3.6.8/lib/python3.6/wsgiref/handlers.py", line 141, in run
    self.handle_error()
  File "/www/server/python_manager/versions/3.6.8/lib/python3.6/site-packages/django/core/servers/basehttp.py", line 116, in handle_error
    super().handle_error()
  File "/www/server/python_manager/versions/3.6.8/lib/python3.6/wsgiref/handlers.py", line 368, in handle_error
    self.finish_response()
  File "/www/server/python_manager/versions/3.6.8/lib/python3.6/wsgiref/handlers.py", line 180, in finish_response
    self.write(data)
  File "/www/server/python_manager/versions/3.6.8/lib/python3.6/wsgiref/handlers.py", line 274, in write
    self.send_headers()
  File "/www/server/python_manager/versions/3.6.8/lib/python3.6/wsgiref/handlers.py", line 331, in send_headers
    if not self.origin_server or self.client_is_modern():
  File "/www/server/python_manager/versions/3.6.8/lib/python3.6/wsgiref/handlers.py", line 344, in client_is_modern
    return self.environ['SERVER_PROTOCOL'].upper() != 'HTTP/0.9'
TypeError: 'NoneType' object is not subscriptable

During handling of the above exception, another exception occurred:

Traceback (most recent call last):
  File "/www/server/python_manager/versions/3.6.8/lib/python3.6/socketserver.py", line 654, in process_request_thread
    self.finish_request(request, client_address)
  File "/www/server/python_manager/versions/3.6.8/lib/python3.6/socketserver.py", line 364, in finish_request
    self.RequestHandlerClass(request, client_address, self)
  File "/www/server/python_manager/versions/3.6.8/lib/python3.6/socketserver.py", line 724, in __init__
    self.handle()
  File "/www/server/python_manager/versions/3.6.8/lib/python3.6/site-packages/django/core/servers/basehttp.py", line 169, in handle
    self.handle_one_request()
  File "/www/server/python_manager/versions/3.6.8/lib/python3.6/site-packages/django/core/servers/basehttp.py", line 194, in handle_one_request
    handler.run(self.server.get_app())
  File "/www/server/python_manager/versions/3.6.8/lib/python3.6/wsgiref/handlers.py", line 144, in run
    self.close()
  File "/www/server/python_manager/versions/3.6.8/lib/python3.6/site-packages/django/core/servers/basehttp.py", line 111, in close
    super().close()
  File "/www/server/python_manager/versions/3.6.8/lib/python3.6/wsgiref/simple_server.py", line 35, in close
    self.status.split(' ',1)[0], self.bytes_sent
AttributeError: 'NoneType' object has no attribute 'split'
----------------------------------------
[09/Jan/2022 20:19:14] "GET /media/202111/2021-11-27_221231_171901.png HTTP/1.0" 200 74260
[09/Jan/2022 20:19:14] "GET /media/202111/2021-11-27_221543_373621.png HTTP/1.0" 200 89568
[09/Jan/2022 20:19:14] "GET /media/202111/2021-11-27_203041_280933.png HTTP/1.0" 200 103679
[09/Jan/2022 20:19:35] code 400, message Bad request syntax ('\x16\x03\x01\x00\x8d\x01\x00\x00\x89\x03\x03ÞY8\x10ÑÊ\x8cfºÖ£\x0bôß\x84°\x12Ñ|_\x10\x9c&\x92xØL\x1cçsK¨\x00\x00\x1aÀ/À+À\x11À\x07À\x13À\tÀ\x14À')
[09/Jan/2022 20:19:35] You're accessing the development server over HTTPS, but it only supports HTTP.

[09/Jan/2022 20:20:00] code 400, message Bad request version ('À\x14À')
[09/Jan/2022 20:20:00] You're accessing the development server over HTTPS, but it only supports HTTP.

[09/Jan/2022 20:28:41] "GET /user_center/ HTTP/1.0" 200 6164
[09/Jan/2022 20:28:43] "GET /user/center_menu/?fresh=0.8076219100282573 HTTP/1.0" 200 2984
[09/Jan/2022 20:28:43] "GET /manage_overview/ HTTP/1.0" 200 28945
[09/Jan/2022 20:28:45] "GET /manage_image/ HTTP/1.0" 200 30977
[09/Jan/2022 20:28:46] "GET /media/202201/2022-01-03_2054110.6387905739214823.png HTTP/1.0" 404 5631
[09/Jan/2022 20:28:46] "GET /media/202201/2022-01-02_1434070.6118026921176614.png HTTP/1.0" 404 5631
[09/Jan/2022 20:28:46] "GET /media/202201/2022-01-01_2153590.12583197997067863.png HTTP/1.0" 404 5631
[09/Jan/2022 20:28:46] "GET /media/202201/2022-01-01_2153070.6143603602751636.png HTTP/1.0" 404 5631
[09/Jan/2022 20:28:46] "GET /media/202201/2022-01-01_2150240.9084722247480854.png HTTP/1.0" 404 5631
[09/Jan/2022 20:28:46] "GET /media/202201/2022-01-01_2028030.7821853250370457.png HTTP/1.0" 404 5631
[09/Jan/2022 20:28:46] "GET /media/202201/2022-01-01_2029020.49156035537216447.png HTTP/1.0" 404 5631
[09/Jan/2022 20:28:46] "GET /media/202201/2022-01-01_2028550.9915058170844213.png HTTP/1.0" 404 5631
[09/Jan/2022 20:28:46] "GET /media/202201/2022-01-01_2027330.2863210985175516.png HTTP/1.0" 404 5631
[09/Jan/2022 20:28:46] "GET /media/202201/2022-01-01_145854_409505.png HTTP/1.0" 404 5631
[09/Jan/2022 20:28:46] "GET /media/202112/2021-12-19_2014540.46683714627865613.png HTTP/1.0" 404 5631
[09/Jan/2022 20:28:46] "GET /media/202112/2021-12-19_2007220.4987585958456544.png HTTP/1.0" 404 5631
[09/Jan/2022 20:28:46] "GET /media/202112/2021-12-19_2000560.8849942983479202.png HTTP/1.0" 404 5631
[09/Jan/2022 20:28:46] "GET /media/202112/2021-12-19_1952330.985865593071933.png HTTP/1.0" 404 5631
[09/Jan/2022 20:28:46] "GET /media/202112/2021-12-19_1934110.8850201676297518.png HTTP/1.0" 404 5631
[09/Jan/2022 20:28:51] "GET /manage_image/?page=2&group=0 HTTP/1.0" 200 30454
[09/Jan/2022 20:28:52] "GET /media/202112/2021-12-19_1715020.9710785076914877.png HTTP/1.0" 404 5631
[09/Jan/2022 20:28:52] "GET /media/202112/2021-12-19_1715020.13017431922923417.png HTTP/1.0" 404 5631
[09/Jan/2022 20:28:52] "GET /media/202112/2021-12-19_1706390.06796498476713453.png HTTP/1.0" 404 5631
[09/Jan/2022 20:28:52] "GET /media/202112/2021-12-19_1657260.04642150690593416.png HTTP/1.0" 404 5631
[09/Jan/2022 20:28:52] "GET /media/202112/2021-12-19_162116_969654.png HTTP/1.0" 404 5631
[09/Jan/2022 20:28:52] "GET /media/202112/2021-12-19_161755_031964.png HTTP/1.0" 404 5631
[09/Jan/2022 20:28:52] "GET /media/202112/2021-12-19_161240_548047.png HTTP/1.0" 404 5631
[09/Jan/2022 20:28:52] "GET /media/202112/2021-12-19_161019_353256.png HTTP/1.0" 404 5631
[09/Jan/2022 20:28:52] "GET /media/202112/2021-12-19_112828_122003.png HTTP/1.0" 404 5631
[09/Jan/2022 20:28:52] "GET /media/202112/2021-12-19_112346_144620.png HTTP/1.0" 404 5631
[09/Jan/2022 20:28:52] "GET /media/202112/2021-12-19_111110_960453.png HTTP/1.0" 404 5631
[09/Jan/2022 20:28:52] "GET /media/202112/2021-12-19_105809_127613.png HTTP/1.0" 404 5631
[09/Jan/2022 20:28:52] "GET /media/202112/2021-12-19_100611_088200.png HTTP/1.0" 404 5631
[09/Jan/2022 20:28:52] "GET /media/202112/2021-12-18_170438_469892.png HTTP/1.0" 404 5631
[09/Jan/2022 20:28:52] "GET /media/202112/2021-12-18_162137_176474.png HTTP/1.0" 404 5631
[09/Jan/2022 20:28:52] "GET /media/202112/2021-12-18_161641_713625.png HTTP/1.0" 404 5631
[09/Jan/2022 20:28:52] "GET /media/202112/2021-12-18_160320_892162.png HTTP/1.0" 404 5631
[09/Jan/2022 20:28:52] "GET /media/202111/23-%E5%90%88%E5%B9%B6K%E4%B8%AA%E5%8D%87%E5%BA%8F%E9%93%BE%E8%A1%A8_1638085857.gif HTTP/1.0" 200 3527297
[09/Jan/2022 20:28:53] "GET /download_doc_md/853/ HTTP/1.0" 200 3986
[09/Jan/2022 20:28:57] "GET /media/202112/2021-12-19_1715020.9710785076914877.png HTTP/1.0" 404 5631
[09/Jan/2022 20:28:57] "GET /media/202112/2021-12-19_1715020.13017431922923417.png HTTP/1.0" 404 5631
[09/Jan/2022 20:28:57] "GET /media/202112/2021-12-19_1706390.06796498476713453.png HTTP/1.0" 404 5631
[09/Jan/2022 20:28:57] "GET /media/202112/2021-12-19_1657260.04642150690593416.png HTTP/1.0" 404 5631
[09/Jan/2022 20:28:57] "GET /media/202112/2021-12-19_162116_969654.png HTTP/1.0" 404 5631
[09/Jan/2022 20:28:57] "GET /media/202112/2021-12-19_161755_031964.png HTTP/1.0" 404 5631
[09/Jan/2022 20:28:57] "GET /media/202112/2021-12-19_161240_548047.png HTTP/1.0" 404 5631
[09/Jan/2022 20:28:57] "GET /media/202112/2021-12-19_161019_353256.png HTTP/1.0" 404 5631
[09/Jan/2022 20:28:57] "GET /media/202112/2021-12-19_112828_122003.png HTTP/1.0" 404 5631
[09/Jan/2022 20:28:57] "GET /media/202112/2021-12-19_112346_144620.png HTTP/1.0" 404 5631
[09/Jan/2022 20:28:57] "GET /media/202112/2021-12-19_111110_960453.png HTTP/1.0" 404 5631
[09/Jan/2022 20:28:57] "GET /media/202112/2021-12-19_105809_127613.png HTTP/1.0" 404 5631
[09/Jan/2022 20:28:57] "GET /media/202112/2021-12-19_100611_088200.png HTTP/1.0" 404 5631
[09/Jan/2022 20:28:57] "GET /media/202112/2021-12-18_170438_469892.png HTTP/1.0" 404 5631
[09/Jan/2022 20:28:57] "GET /media/202112/2021-12-18_162137_176474.png HTTP/1.0" 404 5631
[09/Jan/2022 20:28:57] "GET /media/202112/2021-12-18_161641_713625.png HTTP/1.0" 404 5631
[09/Jan/2022 20:28:57] "GET /media/202112/2021-12-18_160320_892162.png HTTP/1.0" 404 5631
[09/Jan/2022 20:29:05] "GET /favicon.ico HTTP/1.0" 404 5631
[09/Jan/2022 20:29:06] "GET /favicon.ico HTTP/1.0" 404 5631
[09/Jan/2022 20:29:07] "GET /favicon.ico HTTP/1.0" 404 5631
[09/Jan/2022 20:29:17] "GET /manage_image/?page=1&group=0 HTTP/1.0" 200 30977
[09/Jan/2022 20:29:17] "GET /media/202201/2022-01-03_2054110.6387905739214823.png HTTP/1.0" 404 5631
[09/Jan/2022 20:29:17] "GET /media/202201/2022-01-02_1434070.6118026921176614.png HTTP/1.0" 404 5631
[09/Jan/2022 20:29:18] "GET /media/202201/2022-01-01_2153590.12583197997067863.png HTTP/1.0" 404 5631
[09/Jan/2022 20:29:18] "GET /media/202201/2022-01-01_2153070.6143603602751636.png HTTP/1.0" 404 5631
[09/Jan/2022 20:29:18] "GET /media/202201/2022-01-01_2150240.9084722247480854.png HTTP/1.0" 404 5631
[09/Jan/2022 20:29:18] "GET /media/202201/2022-01-01_2028030.7821853250370457.png HTTP/1.0" 404 5631
[09/Jan/2022 20:29:18] "GET /media/202201/2022-01-01_2029020.49156035537216447.png HTTP/1.0" 404 5631
[09/Jan/2022 20:29:18] "GET /media/202201/2022-01-01_2028550.9915058170844213.png HTTP/1.0" 404 5631
[09/Jan/2022 20:29:18] "GET /media/202201/2022-01-01_2027330.2863210985175516.png HTTP/1.0" 404 5631
[09/Jan/2022 20:29:18] "GET /media/202201/2022-01-01_145854_409505.png HTTP/1.0" 404 5631
[09/Jan/2022 20:29:18] "GET /media/202112/2021-12-19_2014540.46683714627865613.png HTTP/1.0" 404 5631
[09/Jan/2022 20:29:18] "GET /media/202112/2021-12-19_2007220.4987585958456544.png HTTP/1.0" 404 5631
[09/Jan/2022 20:29:18] "GET /media/202112/2021-12-19_2000560.8849942983479202.png HTTP/1.0" 404 5631
[09/Jan/2022 20:29:18] "GET /media/202112/2021-12-19_1952330.985865593071933.png HTTP/1.0" 404 5631
[09/Jan/2022 20:29:18] "GET /media/202112/2021-12-19_1934110.8850201676297518.png HTTP/1.0" 404 5631
[09/Jan/2022 20:29:20] "GET /manage_image/?page=2&group=0 HTTP/1.0" 200 30454
[09/Jan/2022 20:29:20] "GET /media/202112/2021-12-19_1715020.9710785076914877.png HTTP/1.0" 404 5631
[09/Jan/2022 20:29:20] "GET /media/202112/2021-12-19_1715020.13017431922923417.png HTTP/1.0" 404 5631
[09/Jan/2022 20:29:20] "GET /media/202112/2021-12-19_1706390.06796498476713453.png HTTP/1.0" 404 5631
[09/Jan/2022 20:29:20] "GET /media/202112/2021-12-19_1657260.04642150690593416.png HTTP/1.0" 404 5631
[09/Jan/2022 20:29:20] "GET /media/202112/2021-12-19_162116_969654.png HTTP/1.0" 404 5631
[09/Jan/2022 20:29:20] "GET /media/202112/2021-12-19_161755_031964.png HTTP/1.0" 404 5631
[09/Jan/2022 20:29:20] "GET /media/202112/2021-12-19_161240_548047.png HTTP/1.0" 404 5631
[09/Jan/2022 20:29:20] "GET /media/202112/2021-12-19_161019_353256.png HTTP/1.0" 404 5631
[09/Jan/2022 20:29:20] "GET /media/202112/2021-12-19_112346_144620.png HTTP/1.0" 404 5631
[09/Jan/2022 20:29:20] "GET /media/202112/2021-12-19_112828_122003.png HTTP/1.0" 404 5631
[09/Jan/2022 20:29:21] "GET /media/202112/2021-12-19_111110_960453.png HTTP/1.0" 404 5631
[09/Jan/2022 20:29:21] "GET /media/202112/2021-12-19_105809_127613.png HTTP/1.0" 404 5631
[09/Jan/2022 20:29:21] "GET /media/202112/2021-12-19_100611_088200.png HTTP/1.0" 404 5631
[09/Jan/2022 20:29:21] "GET /media/202112/2021-12-18_170438_469892.png HTTP/1.0" 404 5631
[09/Jan/2022 20:29:21] "GET /media/202112/2021-12-18_162137_176474.png HTTP/1.0" 404 5631
[09/Jan/2022 20:29:21] "GET /media/202112/2021-12-18_161641_713625.png HTTP/1.0" 404 5631
[09/Jan/2022 20:29:21] "GET /media/202112/2021-12-18_160320_892162.png HTTP/1.0" 404 5631
[09/Jan/2022 20:29:23] "GET /manage_image/?page=1&group=0 HTTP/1.0" 200 30977
[09/Jan/2022 20:29:23] "GET /media/202201/2022-01-03_2054110.6387905739214823.png HTTP/1.0" 404 5631
[09/Jan/2022 20:29:23] "GET /media/202201/2022-01-02_1434070.6118026921176614.png HTTP/1.0" 404 5631
[09/Jan/2022 20:29:24] "GET /media/202201/2022-01-01_2153590.12583197997067863.png HTTP/1.0" 404 5631
[09/Jan/2022 20:29:24] "GET /media/202201/2022-01-01_2153070.6143603602751636.png HTTP/1.0" 404 5631
[09/Jan/2022 20:29:24] "GET /media/202201/2022-01-01_2150240.9084722247480854.png HTTP/1.0" 404 5631
[09/Jan/2022 20:29:24] "GET /media/202201/2022-01-01_2028030.7821853250370457.png HTTP/1.0" 404 5631
[09/Jan/2022 20:29:24] "GET /media/202201/2022-01-01_2029020.49156035537216447.png HTTP/1.0" 404 5631
[09/Jan/2022 20:29:24] "GET /media/202201/2022-01-01_2028550.9915058170844213.png HTTP/1.0" 404 5631
[09/Jan/2022 20:29:25] "GET /media/202201/2022-01-01_2027330.2863210985175516.png HTTP/1.0" 404 5631
[09/Jan/2022 20:29:25] "GET /media/202201/2022-01-01_145854_409505.png HTTP/1.0" 404 5631
[09/Jan/2022 20:29:25] "GET /media/202112/2021-12-19_2014540.46683714627865613.png HTTP/1.0" 404 5631
[09/Jan/2022 20:29:25] "GET /media/202112/2021-12-19_2007220.4987585958456544.png HTTP/1.0" 404 5631
[09/Jan/2022 20:29:25] "GET /media/202112/2021-12-19_1952330.985865593071933.png HTTP/1.0" 404 5631
[09/Jan/2022 20:29:25] "GET /media/202112/2021-12-19_2000560.8849942983479202.png HTTP/1.0" 404 5631
[09/Jan/2022 20:29:25] "GET /media/202112/2021-12-19_1934110.8850201676297518.png HTTP/1.0" 404 5631
[09/Jan/2022 20:29:26] "GET /manage_image/?page=2&group=0 HTTP/1.0" 200 30454
[09/Jan/2022 20:29:27] "GET /media/202112/2021-12-19_1715020.9710785076914877.png HTTP/1.0" 404 5631
[09/Jan/2022 20:29:27] "GET /media/202112/2021-12-19_1715020.13017431922923417.png HTTP/1.0" 404 5631
[09/Jan/2022 20:29:27] "GET /media/202112/2021-12-19_1706390.06796498476713453.png HTTP/1.0" 404 5631
[09/Jan/2022 20:29:27] "GET /media/202112/2021-12-19_1657260.04642150690593416.png HTTP/1.0" 404 5631
[09/Jan/2022 20:29:27] "GET /media/202112/2021-12-19_162116_969654.png HTTP/1.0" 404 5631
[09/Jan/2022 20:29:27] "GET /media/202112/2021-12-19_161755_031964.png HTTP/1.0" 404 5631
[09/Jan/2022 20:29:27] "GET /media/202112/2021-12-19_161240_548047.png HTTP/1.0" 404 5631
[09/Jan/2022 20:29:27] "GET /media/202112/2021-12-19_161019_353256.png HTTP/1.0" 404 5631
[09/Jan/2022 20:29:27] "GET /media/202112/2021-12-19_112828_122003.png HTTP/1.0" 404 5631
[09/Jan/2022 20:29:27] "GET /media/202112/2021-12-19_112346_144620.png HTTP/1.0" 404 5631
[09/Jan/2022 20:29:27] "GET /media/202112/2021-12-19_111110_960453.png HTTP/1.0" 404 5631
[09/Jan/2022 20:29:27] "GET /media/202112/2021-12-19_105809_127613.png HTTP/1.0" 404 5631
[09/Jan/2022 20:29:27] "GET /media/202112/2021-12-19_100611_088200.png HTTP/1.0" 404 5631
[09/Jan/2022 20:29:27] "GET /media/202112/2021-12-18_170438_469892.png HTTP/1.0" 404 5631
[09/Jan/2022 20:29:27] "GET /media/202112/2021-12-18_162137_176474.png HTTP/1.0" 404 5631
[09/Jan/2022 20:29:27] "GET /media/202112/2021-12-18_161641_713625.png HTTP/1.0" 404 5631
[09/Jan/2022 20:29:27] "GET /media/202112/2021-12-18_160320_892162.png HTTP/1.0" 404 5631
[09/Jan/2022 20:29:29] "GET /manage_image/?page=3&group=0 HTTP/1.0" 200 30218
[09/Jan/2022 20:29:29] "GET /media/202111/2021-11-28_111120_965630.png HTTP/1.0" 200 40960
[09/Jan/2022 20:29:29] "GET /media/202111/2021-11-28_103329_842719.png HTTP/1.0" 200 109068
[09/Jan/2022 20:29:29] "GET /media/202111/2021-11-28_110640_657066.png HTTP/1.0" 200 131072
Traceback (most recent call last):
  File "/www/server/python_manager/versions/3.6.8/lib/python3.6/wsgiref/handlers.py", line 138, in run
    self.finish_response()
  File "/www/server/python_manager/versions/3.6.8/lib/python3.6/wsgiref/handlers.py", line 180, in finish_response
    self.write(data)
  File "/www/server/python_manager/versions/3.6.8/lib/python3.6/wsgiref/handlers.py", line 279, in write
    self._write(data)
  File "/www/server/python_manager/versions/3.6.8/lib/python3.6/wsgiref/handlers.py", line 453, in _write
    result = self.stdout.write(data)
  File "/www/server/python_manager/versions/3.6.8/lib/python3.6/socketserver.py", line 803, in write
    self._sock.sendall(b)
ConnectionResetError: [Errno 104] Connection reset by peer
[09/Jan/2022 20:29:29] "GET /media/202111/2021-11-28_110640_657066.png HTTP/1.0" 500 59
----------------------------------------
Exception happened during processing of request from ('127.0.0.1', 58098)
Traceback (most recent call last):
  File "/www/server/python_manager/versions/3.6.8/lib/python3.6/wsgiref/handlers.py", line 138, in run
    self.finish_response()
  File "/www/server/python_manager/versions/3.6.8/lib/python3.6/wsgiref/handlers.py", line 180, in finish_response
    self.write(data)
  File "/www/server/python_manager/versions/3.6.8/lib/python3.6/wsgiref/handlers.py", line 279, in write
    self._write(data)
  File "/www/server/python_manager/versions/3.6.8/lib/python3.6/wsgiref/handlers.py", line 453, in _write
    result = self.stdout.write(data)
  File "/www/server/python_manager/versions/3.6.8/lib/python3.6/socketserver.py", line 803, in write
    self._sock.sendall(b)
ConnectionResetError: [Errno 104] Connection reset by peer

During handling of the above exception, another exception occurred:

Traceback (most recent call last):
  File "/www/server/python_manager/versions/3.6.8/lib/python3.6/wsgiref/handlers.py", line 141, in run
    self.handle_error()
  File "/www/server/python_manager/versions/3.6.8/lib/python3.6/site-packages/django/core/servers/basehttp.py", line 116, in handle_error
    super().handle_error()
  File "/www/server/python_manager/versions/3.6.8/lib/python3.6/wsgiref/handlers.py", line 368, in handle_error
    self.finish_response()
  File "/www/server/python_manager/versions/3.6.8/lib/python3.6/wsgiref/handlers.py", line 180, in finish_response
    self.write(data)
  File "/www/server/python_manager/versions/3.6.8/lib/python3.6/wsgiref/handlers.py", line 274, in write
    self.send_headers()
  File "/www/server/python_manager/versions/3.6.8/lib/python3.6/wsgiref/handlers.py", line 331, in send_headers
    if not self.origin_server or self.client_is_modern():
  File "/www/server/python_manager/versions/3.6.8/lib/python3.6/wsgiref/handlers.py", line 344, in client_is_modern
    return self.environ['SERVER_PROTOCOL'].upper() != 'HTTP/0.9'
TypeError: 'NoneType' object is not subscriptable

During handling of the above exception, another exception occurred:

Traceback (most recent call last):
  File "/www/server/python_manager/versions/3.6.8/lib/python3.6/socketserver.py", line 654, in process_request_thread
    self.finish_request(request, client_address)
  File "/www/server/python_manager/versions/3.6.8/lib/python3.6/socketserver.py", line 364, in finish_request
    self.RequestHandlerClass(request, client_address, self)
  File "/www/server/python_manager/versions/3.6.8/lib/python3.6/socketserver.py", line 724, in __init__
    self.handle()
  File "/www/server/python_manager/versions/3.6.8/lib/python3.6/site-packages/django/core/servers/basehttp.py", line 169, in handle
    self.handle_one_request()
  File "/www/server/python_manager/versions/3.6.8/lib/python3.6/site-packages/django/core/servers/basehttp.py", line 194, in handle_one_request
    handler.run(self.server.get_app())
  File "/www/server/python_manager/versions/3.6.8/lib/python3.6/wsgiref/handlers.py", line 144, in run
    self.close()
  File "/www/server/python_manager/versions/3.6.8/lib/python3.6/site-packages/django/core/servers/basehttp.py", line 111, in close
    super().close()
  File "/www/server/python_manager/versions/3.6.8/lib/python3.6/wsgiref/simple_server.py", line 35, in close
    self.status.split(' ',1)[0], self.bytes_sent
AttributeError: 'NoneType' object has no attribute 'split'
----------------------------------------
[09/Jan/2022 20:29:29] "GET /media/202111/2021-11-28_102724_799099.png HTTP/1.0" 200 73095
[09/Jan/2022 20:29:29] "GET /media/202111/2021-11-28_095623_240528.png HTTP/1.0" 200 92487
[09/Jan/2022 20:29:29] "GET /media/202111/2021-11-28_095354_224729.png HTTP/1.0" 200 59529
[09/Jan/2022 20:29:29] "GET /media/202111/2021-11-28_095134_309740.png HTTP/1.0" 200 114831
[09/Jan/2022 20:29:29] "GET /media/202111/2021-11-28_094836_317596.png HTTP/1.0" 404 5631
[09/Jan/2022 20:29:29] "GET /media/202111/2021-11-28_094933_121734.png HTTP/1.0" 200 53726
[09/Jan/2022 20:29:29] "GET /media/202111/2021-11-28_094312_948755.png HTTP/1.0" 200 98802
[09/Jan/2022 20:29:29] "GET /media/202111/2021-11-28_094150_265177.png HTTP/1.0" 200 56427
[09/Jan/2022 20:29:29] "GET /media/202111/2021-11-27_223618_823817.png HTTP/1.0" 200 18086
[09/Jan/2022 20:29:29] "GET /media/202111/2021-11-27_223237_604074.png HTTP/1.0" 200 29920
[09/Jan/2022 20:29:29] "GET /media/202111/2021-11-27_223027_491269.png HTTP/1.0" 200 10462
[09/Jan/2022 20:29:29] "GET /media/202111/2021-11-27_222656_435446.png HTTP/1.0" 200 85479
[09/Jan/2022 20:29:30] "GET /media/202111/2021-11-27_221543_373621.png HTTP/1.0" 200 89568
[09/Jan/2022 20:29:30] "GET /media/202111/2021-11-27_221231_171901.png HTTP/1.0" 200 74260
[09/Jan/2022 20:29:30] "GET /media/202111/2021-11-27_203041_280933.png HTTP/1.0" 200 103679
[09/Jan/2022 20:29:47] "GET /manage_image/?page=4&group=0 HTTP/1.0" 200 30358
[09/Jan/2022 20:29:48] "GET /media/202111/2021-11-27_202957_043074.png HTTP/1.0" 404 5631
[09/Jan/2022 20:29:48] "GET /media/202111/2021-11-27_164606_234345.png HTTP/1.0" 200 124323
[09/Jan/2022 20:29:48] "GET /media/202111/2021-11-27_161016_536566.png HTTP/1.0" 200 30335
[09/Jan/2022 20:29:48] "GET /media/202111/2021-11-27_160817_175490.png HTTP/1.0" 200 37278
[09/Jan/2022 20:29:48] "GET /media/202111/2021-11-27_155328_630858.png HTTP/1.0" 200 38525
[09/Jan/2022 20:29:48] "GET /media/202111/2021-11-27_155158_098423.png HTTP/1.0" 200 22762
[09/Jan/2022 20:29:48] "GET /media/202111/2021-11-27_155054_445839.png HTTP/1.0" 200 27278
[09/Jan/2022 20:29:48] "GET /media/202111/2021-11-27_145211_821474.png HTTP/1.0" 200 131509
[09/Jan/2022 20:29:48] "GET /media/202111/2021-11-27_112452_412864.png HTTP/1.0" 200 55509
[09/Jan/2022 20:29:48] "GET /media/202111/2021-11-27_112703_818816.png HTTP/1.0" 200 28012
[09/Jan/2022 20:29:48] "GET /media/202111/2021-11-27_111413_543487.png HTTP/1.0" 200 34482
[09/Jan/2022 20:29:48] "GET /media/202111/2021-11-27_112107_404362.png HTTP/1.0" 200 11993
[09/Jan/2022 20:29:48] "GET /media/202111/2021-11-27_111154_830220.png HTTP/1.0" 200 9781
[09/Jan/2022 20:29:48] "GET /media/202111/2021-11-27_110540_233546.png HTTP/1.0" 200 95529
[09/Jan/2022 20:29:48] "GET /media/202111/2021-11-21_2246440.5904891752502391.png HTTP/1.0" 200 11395
[09/Jan/2022 20:29:48] "GET /media/202111/2021-11-21_2239130.21635777432207792.png HTTP/1.0" 404 5631
[09/Jan/2022 20:29:48] "GET /media/202111/2021-11-21_2239570.38904421963548796.png HTTP/1.0" 200 11218
[09/Jan/2022 20:29:48] "GET /media/202111/2021-11-21_171205_682996.png HTTP/1.0" 200 61575
[09/Jan/2022 20:29:55] "GET /manage_image/?page=5&group=0 HTTP/1.0" 200 30218
[09/Jan/2022 20:29:55] "GET /media/202111/2021-11-21_170636_355671.png HTTP/1.0" 404 5631
[09/Jan/2022 20:29:55] "GET /media/202111/2021-11-21_170733_849788.png HTTP/1.0" 200 32768
[09/Jan/2022 20:29:55] "GET /media/202111/2021-11-21_170106_918674.png HTTP/1.0" 200 143010
Traceback (most recent call last):
  File "/www/server/python_manager/versions/3.6.8/lib/python3.6/wsgiref/handlers.py", line 138, in run
    self.finish_response()
  File "/www/server/python_manager/versions/3.6.8/lib/python3.6/wsgiref/handlers.py", line 180, in finish_response
    self.write(data)
  File "/www/server/python_manager/versions/3.6.8/lib/python3.6/wsgiref/handlers.py", line 279, in write
    self._write(data)
  File "/www/server/python_manager/versions/3.6.8/lib/python3.6/wsgiref/handlers.py", line 453, in _write
    result = self.stdout.write(data)
  File "/www/server/python_manager/versions/3.6.8/lib/python3.6/socketserver.py", line 803, in write
    self._sock.sendall(b)
ConnectionResetError: [Errno 104] Connection reset by peer
[09/Jan/2022 20:29:55] "GET /media/202111/2021-11-21_170106_918674.png HTTP/1.0" 500 59
----------------------------------------
Exception happened during processing of request from ('127.0.0.1', 58178)
Traceback (most recent call last):
  File "/www/server/python_manager/versions/3.6.8/lib/python3.6/wsgiref/handlers.py", line 138, in run
    self.finish_response()
  File "/www/server/python_manager/versions/3.6.8/lib/python3.6/wsgiref/handlers.py", line 180, in finish_response
    self.write(data)
  File "/www/server/python_manager/versions/3.6.8/lib/python3.6/wsgiref/handlers.py", line 279, in write
    self._write(data)
  File "/www/server/python_manager/versions/3.6.8/lib/python3.6/wsgiref/handlers.py", line 453, in _write
    result = self.stdout.write(data)
  File "/www/server/python_manager/versions/3.6.8/lib/python3.6/socketserver.py", line 803, in write
    self._sock.sendall(b)
ConnectionResetError: [Errno 104] Connection reset by peer

During handling of the above exception, another exception occurred:

Traceback (most recent call last):
  File "/www/server/python_manager/versions/3.6.8/lib/python3.6/wsgiref/handlers.py", line 141, in run
    self.handle_error()
  File "/www/server/python_manager/versions/3.6.8/lib/python3.6/site-packages/django/core/servers/basehttp.py", line 116, in handle_error
    super().handle_error()
  File "/www/server/python_manager/versions/3.6.8/lib/python3.6/wsgiref/handlers.py", line 368, in handle_error
    self.finish_response()
  File "/www/server/python_manager/versions/3.6.8/lib/python3.6/wsgiref/handlers.py", line 180, in finish_response
    self.write(data)
  File "/www/server/python_manager/versions/3.6.8/lib/python3.6/wsgiref/handlers.py", line 274, in write
    self.send_headers()
  File "/www/server/python_manager/versions/3.6.8/lib/python3.6/wsgiref/handlers.py", line 331, in send_headers
    if not self.origin_server or self.client_is_modern():
  File "/www/server/python_manager/versions/3.6.8/lib/python3.6/wsgiref/handlers.py", line 344, in client_is_modern
    return self.environ['SERVER_PROTOCOL'].upper() != 'HTTP/0.9'
TypeError: 'NoneType' object is not subscriptable

During handling of the above exception, another exception occurred:

Traceback (most recent call last):
  File "/www/server/python_manager/versions/3.6.8/lib/python3.6/socketserver.py", line 654, in process_request_thread
    self.finish_request(request, client_address)
  File "/www/server/python_manager/versions/3.6.8/lib/python3.6/socketserver.py", line 364, in finish_request
    self.RequestHandlerClass(request, client_address, self)
  File "/www/server/python_manager/versions/3.6.8/lib/python3.6/socketserver.py", line 724, in __init__
    self.handle()
  File "/www/server/python_manager/versions/3.6.8/lib/python3.6/site-packages/django/core/servers/basehttp.py", line 169, in handle
    self.handle_one_request()
  File "/www/server/python_manager/versions/3.6.8/lib/python3.6/site-packages/django/core/servers/basehttp.py", line 194, in handle_one_request
    handler.run(self.server.get_app())
  File "/www/server/python_manager/versions/3.6.8/lib/python3.6/wsgiref/handlers.py", line 144, in run
    self.close()
  File "/www/server/python_manager/versions/3.6.8/lib/python3.6/site-packages/django/core/servers/basehttp.py", line 111, in close
    super().close()
  File "/www/server/python_manager/versions/3.6.8/lib/python3.6/wsgiref/simple_server.py", line 35, in close
    self.status.split(' ',1)[0], self.bytes_sent
AttributeError: 'NoneType' object has no attribute 'split'
----------------------------------------
[09/Jan/2022 20:29:55] "GET /media/202111/2021-11-21_165210_546076.png HTTP/1.0" 404 5631
[09/Jan/2022 20:29:55] "GET /media/202111/2021-11-21_165503_187144.png HTTP/1.0" 200 54579
[09/Jan/2022 20:29:55] "GET /media/202111/2021-11-21_165235_906558.png HTTP/1.0" 200 94261
[09/Jan/2022 20:29:55] "GET /media/202111/2021-11-21_160559_325952.png HTTP/1.0" 200 42388
[09/Jan/2022 20:29:55] "GET /media/202111/2021-11-21_160744_603525.png HTTP/1.0" 200 24576
[09/Jan/2022 20:29:56] "GET /media/202111/2021-11-21_160412_748507.png HTTP/1.0" 200 36434
[09/Jan/2022 20:29:56] "GET /media/202111/2021-11-21_155416_457092.png HTTP/1.0" 200 36595
[09/Jan/2022 20:29:56] "GET /media/202111/2021-11-21_155207_777294.png HTTP/1.0" 200 34519
[09/Jan/2022 20:29:56] "GET /media/202111/2021-11-21_121953_691437.png HTTP/1.0" 200 98440
[09/Jan/2022 20:29:56] "GET /media/202111/2021-11-21_121849_883745.png HTTP/1.0" 404 5631
[09/Jan/2022 20:29:56] "GET /media/202111/2021-11-21_105129_127181.png HTTP/1.0" 200 10844
[09/Jan/2022 20:29:56] "GET /media/202111/2021-11-21_105048_249269.png HTTP/1.0" 200 10342
[09/Jan/2022 20:29:56] "GET /media/202111/2021-11-21_104928_715190.png HTTP/1.0" 200 56782
[09/Jan/2022 20:29:56] "GET /media/202111/2021-11-21_104643_711649.png HTTP/1.0" 200 40051
[09/Jan/2022 20:29:56] "GET /media/202111/2021-11-21_103555_468133.png HTTP/1.0" 200 24654
[09/Jan/2022 20:29:59] "GET /manage_image/?page=6&group=0 HTTP/1.0" 200 30218
[09/Jan/2022 20:30:00] "GET /media/202111/2021-11-20_173425_700201.png HTTP/1.0" 200 108848
[09/Jan/2022 20:30:00] "GET /media/202111/2021-11-20_155316_501643.png HTTP/1.0" 200 58281
[09/Jan/2022 20:30:00] "GET /media/202111/2021-11-20_151059_219160.png HTTP/1.0" 404 5631
[09/Jan/2022 20:30:00] "GET /media/202111/2021-11-20_154940_112605.png HTTP/1.0" 200 188411
[09/Jan/2022 20:30:00] "GET /media/202111/2021-11-20_151207_425490.png HTTP/1.0" 200 61875
[09/Jan/2022 20:30:00] "GET /media/202111/2021-11-20_150921_876651.png HTTP/1.0" 200 63114
[09/Jan/2022 20:30:00] "GET /media/202111/2021-11-20_150345_558279.png HTTP/1.0" 200 64918
[09/Jan/2022 20:30:00] "GET /media/202111/2021-11-20_150151_307622.png HTTP/1.0" 200 81920
Traceback (most recent call last):
  File "/www/server/python_manager/versions/3.6.8/lib/python3.6/wsgiref/handlers.py", line 138, in run
    self.finish_response()
  File "/www/server/python_manager/versions/3.6.8/lib/python3.6/wsgiref/handlers.py", line 180, in finish_response
    self.write(data)
  File "/www/server/python_manager/versions/3.6.8/lib/python3.6/wsgiref/handlers.py", line 279, in write
    self._write(data)
  File "/www/server/python_manager/versions/3.6.8/lib/python3.6/wsgiref/handlers.py", line 453, in _write
    result = self.stdout.write(data)
  File "/www/server/python_manager/versions/3.6.8/lib/python3.6/socketserver.py", line 803, in write
    self._sock.sendall(b)
ConnectionResetError: [Errno 104] Connection reset by peer
[09/Jan/2022 20:30:00] "GET /media/202111/2021-11-20_150151_307622.png HTTP/1.0" 500 59
----------------------------------------
Exception happened during processing of request from ('127.0.0.1', 58226)
Traceback (most recent call last):
  File "/www/server/python_manager/versions/3.6.8/lib/python3.6/wsgiref/handlers.py", line 138, in run
    self.finish_response()
  File "/www/server/python_manager/versions/3.6.8/lib/python3.6/wsgiref/handlers.py", line 180, in finish_response
    self.write(data)
  File "/www/server/python_manager/versions/3.6.8/lib/python3.6/wsgiref/handlers.py", line 279, in write
    self._write(data)
  File "/www/server/python_manager/versions/3.6.8/lib/python3.6/wsgiref/handlers.py", line 453, in _write
    result = self.stdout.write(data)
  File "/www/server/python_manager/versions/3.6.8/lib/python3.6/socketserver.py", line 803, in write
    self._sock.sendall(b)
ConnectionResetError: [Errno 104] Connection reset by peer

During handling of the above exception, another exception occurred:

Traceback (most recent call last):
  File "/www/server/python_manager/versions/3.6.8/lib/python3.6/wsgiref/handlers.py", line 141, in run
    self.handle_error()
  File "/www/server/python_manager/versions/3.6.8/lib/python3.6/site-packages/django/core/servers/basehttp.py", line 116, in handle_error
    super().handle_error()
  File "/www/server/python_manager/versions/3.6.8/lib/python3.6/wsgiref/handlers.py", line 368, in handle_error
    self.finish_response()
  File "/www/server/python_manager/versions/3.6.8/lib/python3.6/wsgiref/handlers.py", line 180, in finish_response
    self.write(data)
  File "/www/server/python_manager/versions/3.6.8/lib/python3.6/wsgiref/handlers.py", line 274, in write
    self.send_headers()
  File "/www/server/python_manager/versions/3.6.8/lib/python3.6/wsgiref/handlers.py", line 331, in send_headers
    if not self.origin_server or self.client_is_modern():
  File "/www/server/python_manager/versions/3.6.8/lib/python3.6/wsgiref/handlers.py", line 344, in client_is_modern
    return self.environ['SERVER_PROTOCOL'].upper() != 'HTTP/0.9'
TypeError: 'NoneType' object is not subscriptable

During handling of the above exception, another exception occurred:

Traceback (most recent call last):
  File "/www/server/python_manager/versions/3.6.8/lib/python3.6/socketserver.py", line 654, in process_request_thread
    self.finish_request(request, client_address)
  File "/www/server/python_manager/versions/3.6.8/lib/python3.6/socketserver.py", line 364, in finish_request
    self.RequestHandlerClass(request, client_address, self)
  File "/www/server/python_manager/versions/3.6.8/lib/python3.6/socketserver.py", line 724, in __init__
    self.handle()
  File "/www/server/python_manager/versions/3.6.8/lib/python3.6/site-packages/django/core/servers/basehttp.py", line 169, in handle
    self.handle_one_request()
  File "/www/server/python_manager/versions/3.6.8/lib/python3.6/site-packages/django/core/servers/basehttp.py", line 194, in handle_one_request
    handler.run(self.server.get_app())
  File "/www/server/python_manager/versions/3.6.8/lib/python3.6/wsgiref/handlers.py", line 144, in run
    self.close()
  File "/www/server/python_manager/versions/3.6.8/lib/python3.6/site-packages/django/core/servers/basehttp.py", line 111, in close
    super().close()
  File "/www/server/python_manager/versions/3.6.8/lib/python3.6/wsgiref/simple_server.py", line 35, in close
    self.status.split(' ',1)[0], self.bytes_sent
AttributeError: 'NoneType' object has no attribute 'split'
----------------------------------------
[09/Jan/2022 20:30:00] "GET /media/202111/2021-11-20_145732_506831.png HTTP/1.0" 200 56403
[09/Jan/2022 20:30:00] "GET /media/202111/2021-11-20_145535_025365.png HTTP/1.0" 200 12664
[09/Jan/2022 20:30:00] "GET /media/202111/2021-11-20_145418_902803.png HTTP/1.0" 200 12285
[09/Jan/2022 20:30:00] "GET /media/202111/2021-11-20_145244_555813.png HTTP/1.0" 200 68012
[09/Jan/2022 20:30:00] "GET /media/202111/2021-11-14_221730_565884.png HTTP/1.0" 404 5631
[09/Jan/2022 20:30:00] "GET /media/202111/2021-11-14_221925_952904.png HTTP/1.0" 200 27649
[09/Jan/2022 20:30:00] "GET /media/202111/2021-11-14_165643_013311.png HTTP/1.0" 200 48682
[09/Jan/2022 20:30:00] "GET /media/202111/2021-11-14_165447_497715.png HTTP/1.0" 200 33860
[09/Jan/2022 20:30:01] "GET /media/202111/2021-11-14_161048_420878.png HTTP/1.0" 200 26650
[09/Jan/2022 20:30:01] "GET /media/202111/2021-11-14_152111_684883.png HTTP/1.0" 200 21639
